2025-10-04 03:02:41 | INFO | {'message': 'I just shared a meme! It was amazing.', 'author': 'Eve', 'timestamp': '2025-10-04 03:02:41', 'category': 'humor', 'sentiment': 0.72, 'keyword_mentioned': 'meme', 'message_length': 37}
2025-10-04 03:02:49 | INFO | {'message': 'I just found JavaScript! It was exciting.', 'author': 'Bob', 'timestamp': '2025-10-04 03:02:49', 'category': 'tech', 'sentiment': 0.87, 'keyword_mentioned': 'JavaScript', 'message_length': 41}
2025-10-04 03:02:54 | INFO | {'message': 'I just found a meme! It was exciting.', 'author': 'Bob', 'timestamp': '2025-10-04 03:02:54', 'category': 'humor', 'sentiment': 0.22, 'keyword_mentioned': 'meme', 'message_length': 37}
2025-10-04 03:02:59 | INFO | {'message': 'I just tried a story! It was funny.', 'author': 'Bob', 'timestamp': '2025-10-04 03:02:59', 'category': 'other', 'sentiment': 0.72, 'keyword_mentioned': 'other', 'message_length': 35}
2025-10-04 03:03:04 | INFO | {'message': 'I just shared a trick! It was boring.', 'author': 'Alice', 'timestamp': '2025-10-04 03:03:04', 'category': 'other', 'sentiment': 0.53, 'keyword_mentioned': 'other', 'message_length': 37}
2025-10-04 03:03:09 | INFO | {'message': 'I just tried a trick! It was boring.', 'author': 'Eve', 'timestamp': '2025-10-04 03:03:09', 'category': 'other', 'sentiment': 0.01, 'keyword_mentioned': 'other', 'message_length': 36}
2025-10-04 03:03:14 | INFO | {'message': 'I just tried game! It was weird.', 'author': 'Bob', 'timestamp': '2025-10-04 03:03:14', 'category': 'gaming', 'sentiment': 0.41, 'keyword_mentioned': 'game', 'message_length': 32}
2025-10-04 03:03:23 | INFO | {'message': 'I just loved recipe! It was amazing.', 'author': 'Bob', 'timestamp': '2025-10-04 03:03:23', 'category': 'food', 'sentiment': 0.43, 'keyword_mentioned': 'recipe', 'message_length': 36}
2025-10-04 03:03:28 | INFO | {'message': 'I just loved an app! It was exciting.', 'author': 'Bob', 'timestamp': '2025-10-04 03:03:28', 'category': 'other', 'sentiment': 0.4, 'keyword_mentioned': 'other', 'message_length': 37}
2025-10-04 03:03:33 | INFO | {'message': 'I just loved recipe! It was boring.', 'author': 'Bob', 'timestamp': '2025-10-04 03:03:33', 'category': 'food', 'sentiment': 0.89, 'keyword_mentioned': 'recipe', 'message_length': 35}
2025-10-04 03:03:38 | INFO | {'message': 'I just saw Python! It was amazing.', 'author': 'Alice', 'timestamp': '2025-10-04 03:03:38', 'category': 'tech', 'sentiment': 0.67, 'keyword_mentioned': 'Python', 'message_length': 34}
2025-10-04 03:03:43 | INFO | {'message': 'I just tried game! It was weird.', 'author': 'Alice', 'timestamp': '2025-10-04 03:03:43', 'category': 'gaming', 'sentiment': 0.69, 'keyword_mentioned': 'game', 'message_length': 32}
2025-10-04 03:03:48 | INFO | {'message': 'I just found Python! It was amazing.', 'author': 'Charlie', 'timestamp': '2025-10-04 03:03:48', 'category': 'tech', 'sentiment': 0.43, 'keyword_mentioned': 'Python', 'message_length': 36}
2025-10-04 03:03:53 | INFO | {'message': 'I just found a movie! It was exciting.', 'author': 'Alice', 'timestamp': '2025-10-04 03:03:53', 'category': 'entertainment', 'sentiment': 0.12, 'keyword_mentioned': 'movie', 'message_length': 38}
2025-10-04 03:04:01 | INFO | {'message': 'I just tried Python! It was exciting.', 'author': 'Alice', 'timestamp': '2025-10-04 03:04:01', 'category': 'tech', 'sentiment': 0.58, 'keyword_mentioned': 'Python', 'message_length': 37}
2025-10-04 03:04:06 | INFO | {'message': 'I just tried JavaScript! It was amazing.', 'author': 'Eve', 'timestamp': '2025-10-04 03:04:06', 'category': 'tech', 'sentiment': 0.87, 'keyword_mentioned': 'JavaScript', 'message_length': 40}
2025-10-04 03:04:11 | INFO | {'message': 'I just shared Python! It was exciting.', 'author': 'Alice', 'timestamp': '2025-10-04 03:04:11', 'category': 'tech', 'sentiment': 0.66, 'keyword_mentioned': 'Python', 'message_length': 38}
2025-10-04 03:04:16 | INFO | {'message': 'I just loved a trick! It was weird.', 'author': 'Eve', 'timestamp': '2025-10-04 03:04:16', 'category': 'other', 'sentiment': 0.68, 'keyword_mentioned': 'other', 'message_length': 35}
2025-10-04 03:04:21 | INFO | {'message': 'I just saw a movie! It was boring.', 'author': 'Bob', 'timestamp': '2025-10-04 03:04:21', 'category': 'entertainment', 'sentiment': 0.19, 'keyword_mentioned': 'movie', 'message_length': 34}
2025-10-04 03:04:26 | INFO | {'message': 'I just shared a movie! It was exciting.', 'author': 'Alice', 'timestamp': '2025-10-04 03:04:26', 'category': 'entertainment', 'sentiment': 0.42, 'keyword_mentioned': 'movie', 'message_length': 39}
2025-10-04 03:04:34 | INFO | {'message': 'I just found recipe! It was amazing.', 'author': 'Bob', 'timestamp': '2025-10-04 03:04:34', 'category': 'food', 'sentiment': 0.27, 'keyword_mentioned': 'recipe', 'message_length': 36}
2025-10-04 03:04:39 | INFO | {'message': 'I just shared a meme! It was funny.', 'author': 'Eve', 'timestamp': '2025-10-04 03:04:39', 'category': 'humor', 'sentiment': 0.65, 'keyword_mentioned': 'meme', 'message_length': 35}
2025-10-04 03:04:44 | INFO | {'message': 'I just loved an app! It was funny.', 'author': 'Charlie', 'timestamp': '2025-10-04 03:04:44', 'category': 'other', 'sentiment': 0.81, 'keyword_mentioned': 'other', 'message_length': 34}
2025-10-04 03:04:49 | INFO | {'message': 'I just found travel! It was funny.', 'author': 'Alice', 'timestamp': '2025-10-04 03:04:49', 'category': 'travel', 'sentiment': 0.33, 'keyword_mentioned': 'travel', 'message_length': 34}
2025-10-04 03:04:54 | INFO | {'message': 'I just tried a meme! It was exciting.', 'author': 'Alice', 'timestamp': '2025-10-04 03:04:54', 'category': 'humor', 'sentiment': 0.61, 'keyword_mentioned': 'meme', 'message_length': 37}
2025-10-04 03:04:59 | INFO | {'message': 'I just tried a meme! It was boring.', 'author': 'Alice', 'timestamp': '2025-10-04 03:04:59', 'category': 'humor', 'sentiment': 0.76, 'keyword_mentioned': 'meme', 'message_length': 35}
2025-10-04 03:05:04 | INFO | {'message': 'I just saw recipe! It was amazing.', 'author': 'Bob', 'timestamp': '2025-10-04 03:05:04', 'category': 'food', 'sentiment': 0.29, 'keyword_mentioned': 'recipe', 'message_length': 34}
2025-10-04 03:05:12 | INFO | {'message': 'I just loved a meme! It was amazing.', 'author': 'Eve', 'timestamp': '2025-10-04 03:05:12', 'category': 'humor', 'sentiment': 0.23, 'keyword_mentioned': 'meme', 'message_length': 36}
2025-10-04 03:05:17 | INFO | {'message': 'I just shared a movie! It was amazing.', 'author': 'Charlie', 'timestamp': '2025-10-04 03:05:17', 'category': 'entertainment', 'sentiment': 0.27, 'keyword_mentioned': 'movie', 'message_length': 38}
2025-10-04 03:05:22 | INFO | {'message': 'I just loved an app! It was amazing.', 'author': 'Bob', 'timestamp': '2025-10-04 03:05:22', 'category': 'other', 'sentiment': 0.43, 'keyword_mentioned': 'other', 'message_length': 36}
2025-10-04 03:05:27 | INFO | {'message': 'I just tried an app! It was weird.', 'author': 'Eve', 'timestamp': '2025-10-04 03:05:27', 'category': 'other', 'sentiment': 0.82, 'keyword_mentioned': 'other', 'message_length': 34}
2025-10-04 03:05:32 | INFO | {'message': 'I just shared Python! It was funny.', 'author': 'Eve', 'timestamp': '2025-10-04 03:05:32', 'category': 'tech', 'sentiment': 0.83, 'keyword_mentioned': 'Python', 'message_length': 35}
2025-10-04 03:05:37 | INFO | {'message': 'I just shared travel! It was weird.', 'author': 'Alice', 'timestamp': '2025-10-04 03:05:37', 'category': 'travel', 'sentiment': 0.41, 'keyword_mentioned': 'travel', 'message_length': 35}
2025-10-04 03:05:45 | INFO | {'message': 'I just shared a movie! It was amazing.', 'author': 'Bob', 'timestamp': '2025-10-04 03:05:45', 'category': 'entertainment', 'sentiment': 0.21, 'keyword_mentioned': 'movie', 'message_length': 38}
2025-10-04 03:05:50 | INFO | {'message': 'I just saw Python! It was boring.', 'author': 'Eve', 'timestamp': '2025-10-04 03:05:50', 'category': 'tech', 'sentiment': 0.16, 'keyword_mentioned': 'Python', 'message_length': 33}
2025-10-04 03:05:55 | INFO | {'message': 'I just loved JavaScript! It was weird.', 'author': 'Eve', 'timestamp': '2025-10-04 03:05:55', 'category': 'tech', 'sentiment': 0.59, 'keyword_mentioned': 'JavaScript', 'message_length': 38}
2025-10-04 03:06:00 | INFO | {'message': 'I just found game! It was weird.', 'author': 'Alice', 'timestamp': '2025-10-04 03:06:00', 'category': 'gaming', 'sentiment': 0.8, 'keyword_mentioned': 'game', 'message_length': 32}
2025-10-04 03:06:05 | INFO | {'message': 'I just loved travel! It was exciting.', 'author': 'Charlie', 'timestamp': '2025-10-04 03:06:05', 'category': 'travel', 'sentiment': 0.58, 'keyword_mentioned': 'travel', 'message_length': 37}
2025-10-04 03:06:10 | INFO | {'message': 'I just shared JavaScript! It was exciting.', 'author': 'Alice', 'timestamp': '2025-10-04 03:06:10', 'category': 'tech', 'sentiment': 0.14, 'keyword_mentioned': 'JavaScript', 'message_length': 42}
2025-10-04 03:06:15 | INFO | {'message': 'I just shared an app! It was amazing.', 'author': 'Alice', 'timestamp': '2025-10-04 03:06:15', 'category': 'other', 'sentiment': 0.29, 'keyword_mentioned': 'other', 'message_length': 37}
2025-10-04 03:06:22 | INFO | {'message': 'I just loved game! It was weird.', 'author': 'Charlie', 'timestamp': '2025-10-04 03:06:22', 'category': 'gaming', 'sentiment': 0.48, 'keyword_mentioned': 'game', 'message_length': 32}
2025-10-04 03:06:27 | INFO | {'message': 'I just shared recipe! It was funny.', 'author': 'Eve', 'timestamp': '2025-10-04 03:06:27', 'category': 'food', 'sentiment': 0.58, 'keyword_mentioned': 'recipe', 'message_length': 35}
2025-10-04 03:06:32 | INFO | {'message': 'I just tried travel! It was amazing.', 'author': 'Eve', 'timestamp': '2025-10-04 03:06:32', 'category': 'travel', 'sentiment': 0.94, 'keyword_mentioned': 'travel', 'message_length': 36}
2025-10-04 03:06:37 | INFO | {'message': 'I just shared an app! It was amazing.', 'author': 'Bob', 'timestamp': '2025-10-04 03:06:37', 'category': 'other', 'sentiment': 0.45, 'keyword_mentioned': 'other', 'message_length': 37}
2025-10-04 03:06:42 | INFO | {'message': 'I just found game! It was amazing.', 'author': 'Eve', 'timestamp': '2025-10-04 03:06:42', 'category': 'gaming', 'sentiment': 0.67, 'keyword_mentioned': 'game', 'message_length': 34}
2025-10-04 03:06:47 | INFO | {'message': 'I just saw a movie! It was boring.', 'author': 'Bob', 'timestamp': '2025-10-04 03:06:47', 'category': 'entertainment', 'sentiment': 0.55, 'keyword_mentioned': 'movie', 'message_length': 34}
2025-10-04 03:06:55 | INFO | {'message': 'I just loved a story! It was funny.', 'author': 'Eve', 'timestamp': '2025-10-04 03:06:55', 'category': 'other', 'sentiment': 0.08, 'keyword_mentioned': 'other', 'message_length': 35}
2025-10-04 03:07:00 | INFO | {'message': 'I just saw a meme! It was weird.', 'author': 'Charlie', 'timestamp': '2025-10-04 03:07:00', 'category': 'humor', 'sentiment': 0.44, 'keyword_mentioned': 'meme', 'message_length': 32}
2025-10-04 03:07:05 | INFO | {'message': 'I just found recipe! It was exciting.', 'author': 'Charlie', 'timestamp': '2025-10-04 03:07:05', 'category': 'food', 'sentiment': 0.26, 'keyword_mentioned': 'recipe', 'message_length': 37}
2025-10-04 03:07:10 | INFO | {'message': 'I just found a movie! It was boring.', 'author': 'Alice', 'timestamp': '2025-10-04 03:07:10', 'category': 'entertainment', 'sentiment': 0.54, 'keyword_mentioned': 'movie', 'message_length': 36}
2025-10-04 03:07:15 | INFO | {'message': 'I just tried Python! It was boring.', 'author': 'Alice', 'timestamp': '2025-10-04 03:07:15', 'category': 'tech', 'sentiment': 0.91, 'keyword_mentioned': 'Python', 'message_length': 35}
2025-10-04 03:07:20 | INFO | {'message': 'I just tried JavaScript! It was boring.', 'author': 'Charlie', 'timestamp': '2025-10-04 03:07:20', 'category': 'tech', 'sentiment': 0.6, 'keyword_mentioned': 'JavaScript', 'message_length': 39}
2025-10-04 03:07:28 | INFO | {'message': 'I just found Python! It was boring.', 'author': 'Charlie', 'timestamp': '2025-10-04 03:07:28', 'category': 'tech', 'sentiment': 0.52, 'keyword_mentioned': 'Python', 'message_length': 35}
2025-10-04 03:07:33 | INFO | {'message': 'I just tried game! It was exciting.', 'author': 'Alice', 'timestamp': '2025-10-04 03:07:33', 'category': 'gaming', 'sentiment': 0.6, 'keyword_mentioned': 'game', 'message_length': 35}
2025-10-04 03:07:38 | INFO | {'message': 'I just shared a trick! It was amazing.', 'author': 'Charlie', 'timestamp': '2025-10-04 03:07:38', 'category': 'other', 'sentiment': 0.68, 'keyword_mentioned': 'other', 'message_length': 38}
2025-10-04 03:07:43 | INFO | {'message': 'I just loved game! It was amazing.', 'author': 'Alice', 'timestamp': '2025-10-04 03:07:43', 'category': 'gaming', 'sentiment': 0.74, 'keyword_mentioned': 'game', 'message_length': 34}
2025-10-04 03:07:48 | INFO | {'message': 'I just loved a meme! It was funny.', 'author': 'Eve', 'timestamp': '2025-10-04 03:07:48', 'category': 'humor', 'sentiment': 0.11, 'keyword_mentioned': 'meme', 'message_length': 34}
2025-10-04 03:07:53 | INFO | {'message': 'I just found an app! It was boring.', 'author': 'Alice', 'timestamp': '2025-10-04 03:07:53', 'category': 'other', 'sentiment': 0.61, 'keyword_mentioned': 'other', 'message_length': 35}
2025-10-04 03:07:58 | INFO | {'message': 'I just loved Python! It was weird.', 'author': 'Bob', 'timestamp': '2025-10-04 03:07:58', 'category': 'tech', 'sentiment': 0.05, 'keyword_mentioned': 'Python', 'message_length': 34}
2025-10-04 03:08:06 | INFO | {'message': 'I just saw JavaScript! It was funny.', 'author': 'Alice', 'timestamp': '2025-10-04 03:08:06', 'category': 'tech', 'sentiment': 1.0, 'keyword_mentioned': 'JavaScript', 'message_length': 36}
2025-10-04 03:08:11 | INFO | {'message': 'I just loved a trick! It was funny.', 'author': 'Bob', 'timestamp': '2025-10-04 03:08:11', 'category': 'other', 'sentiment': 0.35, 'keyword_mentioned': 'other', 'message_length': 35}
2025-10-04 03:08:16 | INFO | {'message': 'I just shared game! It was boring.', 'author': 'Bob', 'timestamp': '2025-10-04 03:08:16', 'category': 'gaming', 'sentiment': 0.49, 'keyword_mentioned': 'game', 'message_length': 34}
2025-10-04 03:08:21 | INFO | {'message': 'I just shared travel! It was amazing.', 'author': 'Bob', 'timestamp': '2025-10-04 03:08:21', 'category': 'travel', 'sentiment': 0.11, 'keyword_mentioned': 'travel', 'message_length': 37}
2025-10-04 03:08:26 | INFO | {'message': 'I just found JavaScript! It was funny.', 'author': 'Charlie', 'timestamp': '2025-10-04 03:08:26', 'category': 'tech', 'sentiment': 0.84, 'keyword_mentioned': 'JavaScript', 'message_length': 38}
2025-10-04 03:08:31 | INFO | {'message': 'I just saw JavaScript! It was boring.', 'author': 'Eve', 'timestamp': '2025-10-04 03:08:31', 'category': 'tech', 'sentiment': 0.63, 'keyword_mentioned': 'JavaScript', 'message_length': 37}
2025-10-04 03:08:39 | INFO | {'message': 'I just saw a meme! It was weird.', 'author': 'Charlie', 'timestamp': '2025-10-04 03:08:39', 'category': 'humor', 'sentiment': 0.55, 'keyword_mentioned': 'meme', 'message_length': 32}
2025-10-04 03:08:44 | INFO | {'message': 'I just shared Python! It was weird.', 'author': 'Alice', 'timestamp': '2025-10-04 03:08:44', 'category': 'tech', 'sentiment': 0.27, 'keyword_mentioned': 'Python', 'message_length': 35}
2025-10-04 03:08:49 | INFO | {'message': 'I just shared a meme! It was funny.', 'author': 'Bob', 'timestamp': '2025-10-04 03:08:49', 'category': 'humor', 'sentiment': 0.49, 'keyword_mentioned': 'meme', 'message_length': 35}
2025-10-04 03:08:54 | INFO | {'message': 'I just found a movie! It was boring.', 'author': 'Alice', 'timestamp': '2025-10-04 03:08:54', 'category': 'entertainment', 'sentiment': 0.02, 'keyword_mentioned': 'movie', 'message_length': 36}
2025-10-04 03:08:59 | INFO | {'message': 'I just loved a story! It was boring.', 'author': 'Charlie', 'timestamp': '2025-10-04 03:08:59', 'category': 'other', 'sentiment': 0.48, 'keyword_mentioned': 'other', 'message_length': 36}
2025-10-04 03:09:04 | INFO | {'message': 'I just shared an app! It was exciting.', 'author': 'Bob', 'timestamp': '2025-10-04 03:09:04', 'category': 'other', 'sentiment': 0.93, 'keyword_mentioned': 'other', 'message_length': 38}
2025-10-04 03:09:09 | INFO | {'message': 'I just loved a trick! It was exciting.', 'author': 'Bob', 'timestamp': '2025-10-04 03:09:09', 'category': 'other', 'sentiment': 0.55, 'keyword_mentioned': 'other', 'message_length': 38}
2025-10-04 03:09:17 | INFO | {'message': 'I just loved game! It was exciting.', 'author': 'Charlie', 'timestamp': '2025-10-04 03:09:17', 'category': 'gaming', 'sentiment': 0.94, 'keyword_mentioned': 'game', 'message_length': 35}
2025-10-04 03:09:22 | INFO | {'message': 'I just found a movie! It was boring.', 'author': 'Eve', 'timestamp': '2025-10-04 03:09:22', 'category': 'entertainment', 'sentiment': 0.14, 'keyword_mentioned': 'movie', 'message_length': 36}
2025-10-04 03:09:27 | INFO | {'message': 'I just loved Python! It was boring.', 'author': 'Bob', 'timestamp': '2025-10-04 03:09:27', 'category': 'tech', 'sentiment': 0.26, 'keyword_mentioned': 'Python', 'message_length': 35}
2025-10-04 03:09:32 | INFO | {'message': 'I just shared recipe! It was funny.', 'author': 'Eve', 'timestamp': '2025-10-04 03:09:32', 'category': 'food', 'sentiment': 0.11, 'keyword_mentioned': 'recipe', 'message_length': 35}
2025-10-04 03:09:37 | INFO | {'message': 'I just tried recipe! It was boring.', 'author': 'Eve', 'timestamp': '2025-10-04 03:09:37', 'category': 'food', 'sentiment': 0.41, 'keyword_mentioned': 'recipe', 'message_length': 35}
2025-10-04 03:09:42 | INFO | {'message': 'I just tried a meme! It was weird.', 'author': 'Bob', 'timestamp': '2025-10-04 03:09:42', 'category': 'humor', 'sentiment': 0.93, 'keyword_mentioned': 'meme', 'message_length': 34}
2025-10-04 03:09:49 | INFO | {'message': 'I just shared JavaScript! It was amazing.', 'author': 'Charlie', 'timestamp': '2025-10-04 03:09:49', 'category': 'tech', 'sentiment': 0.59, 'keyword_mentioned': 'JavaScript', 'message_length': 41}
2025-10-04 03:09:54 | INFO | {'message': 'I just loved Python! It was amazing.', 'author': 'Eve', 'timestamp': '2025-10-04 03:09:54', 'category': 'tech', 'sentiment': 0.66, 'keyword_mentioned': 'Python', 'message_length': 36}
2025-10-04 03:09:59 | INFO | {'message': 'I just loved a movie! It was boring.', 'author': 'Bob', 'timestamp': '2025-10-04 03:09:59', 'category': 'entertainment', 'sentiment': 0.32, 'keyword_mentioned': 'movie', 'message_length': 36}
2025-10-04 03:10:04 | INFO | {'message': 'I just tried JavaScript! It was weird.', 'author': 'Alice', 'timestamp': '2025-10-04 03:10:04', 'category': 'tech', 'sentiment': 0.23, 'keyword_mentioned': 'JavaScript', 'message_length': 38}
2025-10-04 03:10:09 | INFO | {'message': 'I just shared JavaScript! It was exciting.', 'author': 'Bob', 'timestamp': '2025-10-04 03:10:09', 'category': 'tech', 'sentiment': 0.44, 'keyword_mentioned': 'JavaScript', 'message_length': 42}
2025-10-04 03:10:14 | INFO | {'message': 'I just saw JavaScript! It was weird.', 'author': 'Alice', 'timestamp': '2025-10-04 03:10:14', 'category': 'tech', 'sentiment': 0.77, 'keyword_mentioned': 'JavaScript', 'message_length': 36}
2025-10-04 03:10:19 | INFO | {'message': 'I just tried travel! It was weird.', 'author': 'Eve', 'timestamp': '2025-10-04 03:10:19', 'category': 'travel', 'sentiment': 0.58, 'keyword_mentioned': 'travel', 'message_length': 34}
2025-10-04 03:10:27 | INFO | {'message': 'I just saw a meme! It was exciting.', 'author': 'Charlie', 'timestamp': '2025-10-04 03:10:27', 'category': 'humor', 'sentiment': 0.08, 'keyword_mentioned': 'meme', 'message_length': 35}
2025-10-04 03:10:32 | INFO | {'message': 'I just shared JavaScript! It was weird.', 'author': 'Alice', 'timestamp': '2025-10-04 03:10:32', 'category': 'tech', 'sentiment': 0.25, 'keyword_mentioned': 'JavaScript', 'message_length': 39}
2025-10-04 03:10:37 | INFO | {'message': 'I just found Python! It was weird.', 'author': 'Charlie', 'timestamp': '2025-10-04 03:10:37', 'category': 'tech', 'sentiment': 0.1, 'keyword_mentioned': 'Python', 'message_length': 34}
2025-10-04 03:10:42 | INFO | {'message': 'I just tried recipe! It was boring.', 'author': 'Charlie', 'timestamp': '2025-10-04 03:10:42', 'category': 'food', 'sentiment': 0.18, 'keyword_mentioned': 'recipe', 'message_length': 35}
2025-10-04 03:10:47 | INFO | {'message': 'I just found an app! It was weird.', 'author': 'Bob', 'timestamp': '2025-10-04 03:10:47', 'category': 'other', 'sentiment': 0.63, 'keyword_mentioned': 'other', 'message_length': 34}
2025-10-04 03:10:52 | INFO | {'message': 'I just tried game! It was funny.', 'author': 'Eve', 'timestamp': '2025-10-04 03:10:52', 'category': 'gaming', 'sentiment': 0.98, 'keyword_mentioned': 'game', 'message_length': 32}
2025-10-04 03:11:00 | INFO | {'message': 'I just tried Python! It was weird.', 'author': 'Bob', 'timestamp': '2025-10-04 03:11:00', 'category': 'tech', 'sentiment': 0.24, 'keyword_mentioned': 'Python', 'message_length': 34}
2025-10-04 03:11:05 | INFO | {'message': 'I just tried a movie! It was weird.', 'author': 'Bob', 'timestamp': '2025-10-04 03:11:05', 'category': 'entertainment', 'sentiment': 0.59, 'keyword_mentioned': 'movie', 'message_length': 35}
2025-10-04 03:11:10 | INFO | {'message': 'I just tried travel! It was amazing.', 'author': 'Alice', 'timestamp': '2025-10-04 03:11:10', 'category': 'travel', 'sentiment': 0.94, 'keyword_mentioned': 'travel', 'message_length': 36}
2025-10-04 03:11:15 | INFO | {'message': 'I just shared a meme! It was funny.', 'author': 'Eve', 'timestamp': '2025-10-04 03:11:15', 'category': 'humor', 'sentiment': 0.92, 'keyword_mentioned': 'meme', 'message_length': 35}
2025-10-04 03:11:20 | INFO | {'message': 'I just found JavaScript! It was weird.', 'author': 'Alice', 'timestamp': '2025-10-04 03:11:20', 'category': 'tech', 'sentiment': 0.45, 'keyword_mentioned': 'JavaScript', 'message_length': 38}
2025-10-04 03:11:25 | INFO | {'message': 'I just tried a story! It was boring.', 'author': 'Charlie', 'timestamp': '2025-10-04 03:11:25', 'category': 'other', 'sentiment': 0.74, 'keyword_mentioned': 'other', 'message_length': 36}
2025-10-04 03:11:30 | INFO | {'message': 'I just found travel! It was boring.', 'author': 'Eve', 'timestamp': '2025-10-04 03:11:30', 'category': 'travel', 'sentiment': 0.19, 'keyword_mentioned': 'travel', 'message_length': 35}
2025-10-04 03:11:38 | INFO | {'message': 'I just found recipe! It was amazing.', 'author': 'Bob', 'timestamp': '2025-10-04 03:11:38', 'category': 'food', 'sentiment': 0.21, 'keyword_mentioned': 'recipe', 'message_length': 36}
2025-10-04 03:11:43 | INFO | {'message': 'I just found a meme! It was exciting.', 'author': 'Charlie', 'timestamp': '2025-10-04 03:11:43', 'category': 'humor', 'sentiment': 0.19, 'keyword_mentioned': 'meme', 'message_length': 37}
2025-10-04 03:11:48 | INFO | {'message': 'I just loved a story! It was boring.', 'author': 'Alice', 'timestamp': '2025-10-04 03:11:48', 'category': 'other', 'sentiment': 0.63, 'keyword_mentioned': 'other', 'message_length': 36}
2025-10-04 03:11:53 | INFO | {'message': 'I just saw JavaScript! It was amazing.', 'author': 'Eve', 'timestamp': '2025-10-04 03:11:53', 'category': 'tech', 'sentiment': 0.8, 'keyword_mentioned': 'JavaScript', 'message_length': 38}
2025-10-04 03:11:58 | INFO | {'message': 'I just loved game! It was exciting.', 'author': 'Eve', 'timestamp': '2025-10-04 03:11:58', 'category': 'gaming', 'sentiment': 0.9, 'keyword_mentioned': 'game', 'message_length': 35}
2025-10-04 03:12:03 | INFO | {'message': 'I just tried JavaScript! It was funny.', 'author': 'Charlie', 'timestamp': '2025-10-04 03:12:03', 'category': 'tech', 'sentiment': 0.29, 'keyword_mentioned': 'JavaScript', 'message_length': 38}
2025-10-04 03:12:11 | INFO | {'message': 'I just shared a story! It was boring.', 'author': 'Charlie', 'timestamp': '2025-10-04 03:12:11', 'category': 'other', 'sentiment': 0.91, 'keyword_mentioned': 'other', 'message_length': 37}
2025-10-04 03:12:16 | INFO | {'message': 'I just tried Python! It was weird.', 'author': 'Alice', 'timestamp': '2025-10-04 03:12:16', 'category': 'tech', 'sentiment': 0.68, 'keyword_mentioned': 'Python', 'message_length': 34}
2025-10-04 03:12:21 | INFO | {'message': 'I just shared game! It was weird.', 'author': 'Alice', 'timestamp': '2025-10-04 03:12:21', 'category': 'gaming', 'sentiment': 0.01, 'keyword_mentioned': 'game', 'message_length': 33}
2025-10-04 03:12:26 | INFO | {'message': 'I just loved travel! It was boring.', 'author': 'Charlie', 'timestamp': '2025-10-04 03:12:26', 'category': 'travel', 'sentiment': 0.78, 'keyword_mentioned': 'travel', 'message_length': 35}
2025-10-04 03:12:31 | INFO | {'message': 'I just shared a movie! It was weird.', 'author': 'Charlie', 'timestamp': '2025-10-04 03:12:31', 'category': 'entertainment', 'sentiment': 0.13, 'keyword_mentioned': 'movie', 'message_length': 36}
2025-10-04 03:12:36 | INFO | {'message': 'I just loved Python! It was amazing.', 'author': 'Alice', 'timestamp': '2025-10-04 03:12:36', 'category': 'tech', 'sentiment': 0.2, 'keyword_mentioned': 'Python', 'message_length': 36}
2025-10-04 03:12:41 | INFO | {'message': 'I just found a movie! It was amazing.', 'author': 'Bob', 'timestamp': '2025-10-04 03:12:41', 'category': 'entertainment', 'sentiment': 0.35, 'keyword_mentioned': 'movie', 'message_length': 37}
2025-10-04 03:12:49 | INFO | {'message': 'I just loved JavaScript! It was funny.', 'author': 'Bob', 'timestamp': '2025-10-04 03:12:49', 'category': 'tech', 'sentiment': 0.57, 'keyword_mentioned': 'JavaScript', 'message_length': 38}
2025-10-04 03:12:54 | INFO | {'message': 'I just tried a movie! It was funny.', 'author': 'Bob', 'timestamp': '2025-10-04 03:12:54', 'category': 'entertainment', 'sentiment': 0.5, 'keyword_mentioned': 'movie', 'message_length': 35}
2025-10-04 03:12:59 | INFO | {'message': 'I just saw recipe! It was amazing.', 'author': 'Alice', 'timestamp': '2025-10-04 03:12:59', 'category': 'food', 'sentiment': 0.09, 'keyword_mentioned': 'recipe', 'message_length': 34}
2025-10-04 03:13:04 | INFO | {'message': 'I just shared travel! It was exciting.', 'author': 'Charlie', 'timestamp': '2025-10-04 03:13:04', 'category': 'travel', 'sentiment': 0.75, 'keyword_mentioned': 'travel', 'message_length': 38}
2025-10-04 03:13:09 | INFO | {'message': 'I just shared a trick! It was weird.', 'author': 'Charlie', 'timestamp': '2025-10-04 03:13:09', 'category': 'other', 'sentiment': 0.78, 'keyword_mentioned': 'other', 'message_length': 36}
2025-10-04 03:13:14 | INFO | {'message': 'I just loved a story! It was exciting.', 'author': 'Charlie', 'timestamp': '2025-10-04 03:13:14', 'category': 'other', 'sentiment': 0.08, 'keyword_mentioned': 'other', 'message_length': 38}
2025-10-04 03:13:21 | INFO | {'message': 'I just saw recipe! It was exciting.', 'author': 'Bob', 'timestamp': '2025-10-04 03:13:21', 'category': 'food', 'sentiment': 0.04, 'keyword_mentioned': 'recipe', 'message_length': 35}
2025-10-04 03:13:26 | INFO | {'message': 'I just found travel! It was exciting.', 'author': 'Bob', 'timestamp': '2025-10-04 03:13:26', 'category': 'travel', 'sentiment': 0.82, 'keyword_mentioned': 'travel', 'message_length': 37}
2025-10-04 03:13:31 | INFO | {'message': 'I just found Python! It was weird.', 'author': 'Charlie', 'timestamp': '2025-10-04 03:13:31', 'category': 'tech', 'sentiment': 0.26, 'keyword_mentioned': 'Python', 'message_length': 34}
2025-10-04 03:13:36 | INFO | {'message': 'I just found a trick! It was boring.', 'author': 'Charlie', 'timestamp': '2025-10-04 03:13:36', 'category': 'other', 'sentiment': 0.07, 'keyword_mentioned': 'other', 'message_length': 36}
2025-10-04 03:13:41 | INFO | {'message': 'I just found travel! It was boring.', 'author': 'Eve', 'timestamp': '2025-10-04 03:13:41', 'category': 'travel', 'sentiment': 0.14, 'keyword_mentioned': 'travel', 'message_length': 35}
2025-10-04 03:13:46 | INFO | {'message': 'I just found travel! It was exciting.', 'author': 'Charlie', 'timestamp': '2025-10-04 03:13:46', 'category': 'travel', 'sentiment': 0.17, 'keyword_mentioned': 'travel', 'message_length': 37}
2025-10-04 03:13:54 | INFO | {'message': 'I just tried travel! It was boring.', 'author': 'Charlie', 'timestamp': '2025-10-04 03:13:54', 'category': 'travel', 'sentiment': 0.84, 'keyword_mentioned': 'travel', 'message_length': 35}
2025-10-04 03:13:59 | INFO | {'message': 'I just shared recipe! It was boring.', 'author': 'Bob', 'timestamp': '2025-10-04 03:13:59', 'category': 'food', 'sentiment': 0.8, 'keyword_mentioned': 'recipe', 'message_length': 36}
2025-10-04 03:14:04 | INFO | {'message': 'I just saw travel! It was funny.', 'author': 'Charlie', 'timestamp': '2025-10-04 03:14:04', 'category': 'travel', 'sentiment': 0.72, 'keyword_mentioned': 'travel', 'message_length': 32}
2025-10-04 03:14:09 | INFO | {'message': 'I just loved travel! It was exciting.', 'author': 'Alice', 'timestamp': '2025-10-04 03:14:09', 'category': 'travel', 'sentiment': 0.33, 'keyword_mentioned': 'travel', 'message_length': 37}
2025-10-04 03:14:14 | INFO | {'message': 'I just found a meme! It was weird.', 'author': 'Bob', 'timestamp': '2025-10-04 03:14:14', 'category': 'humor', 'sentiment': 0.78, 'keyword_mentioned': 'meme', 'message_length': 34}
2025-10-04 03:14:19 | INFO | {'message': 'I just found Python! It was exciting.', 'author': 'Bob', 'timestamp': '2025-10-04 03:14:19', 'category': 'tech', 'sentiment': 0.51, 'keyword_mentioned': 'Python', 'message_length': 37}
2025-10-04 03:14:24 | INFO | {'message': 'I just tried travel! It was boring.', 'author': 'Eve', 'timestamp': '2025-10-04 03:14:24', 'category': 'travel', 'sentiment': 0.3, 'keyword_mentioned': 'travel', 'message_length': 35}
2025-10-04 03:14:33 | INFO | {'message': 'I just found an app! It was exciting.', 'author': 'Bob', 'timestamp': '2025-10-04 03:14:33', 'category': 'other', 'sentiment': 0.88, 'keyword_mentioned': 'other', 'message_length': 37}
2025-10-04 03:14:38 | INFO | {'message': 'I just shared game! It was funny.', 'author': 'Eve', 'timestamp': '2025-10-04 03:14:38', 'category': 'gaming', 'sentiment': 0.9, 'keyword_mentioned': 'game', 'message_length': 33}
2025-10-04 03:14:43 | INFO | {'message': 'I just loved a story! It was funny.', 'author': 'Alice', 'timestamp': '2025-10-04 03:14:43', 'category': 'other', 'sentiment': 0.19, 'keyword_mentioned': 'other', 'message_length': 35}
2025-10-04 03:14:48 | INFO | {'message': 'I just tried a story! It was boring.', 'author': 'Alice', 'timestamp': '2025-10-04 03:14:48', 'category': 'other', 'sentiment': 0.33, 'keyword_mentioned': 'other', 'message_length': 36}
2025-10-04 03:14:53 | INFO | {'message': 'I just loved travel! It was boring.', 'author': 'Charlie', 'timestamp': '2025-10-04 03:14:53', 'category': 'travel', 'sentiment': 0.56, 'keyword_mentioned': 'travel', 'message_length': 35}
2025-10-04 03:14:58 | INFO | {'message': 'I just shared an app! It was amazing.', 'author': 'Eve', 'timestamp': '2025-10-04 03:14:58', 'category': 'other', 'sentiment': 0.37, 'keyword_mentioned': 'other', 'message_length': 37}
2025-10-04 03:15:06 | INFO | {'message': 'I just found Python! It was exciting.', 'author': 'Eve', 'timestamp': '2025-10-04 03:15:06', 'category': 'tech', 'sentiment': 0.48, 'keyword_mentioned': 'Python', 'message_length': 37}
2025-10-04 03:15:11 | INFO | {'message': 'I just shared travel! It was weird.', 'author': 'Charlie', 'timestamp': '2025-10-04 03:15:11', 'category': 'travel', 'sentiment': 0.44, 'keyword_mentioned': 'travel', 'message_length': 35}
2025-10-04 03:15:16 | INFO | {'message': 'I just tried JavaScript! It was exciting.', 'author': 'Charlie', 'timestamp': '2025-10-04 03:15:16', 'category': 'tech', 'sentiment': 0.4, 'keyword_mentioned': 'JavaScript', 'message_length': 41}
2025-10-04 03:15:21 | INFO | {'message': 'I just loved a meme! It was amazing.', 'author': 'Eve', 'timestamp': '2025-10-04 03:15:21', 'category': 'humor', 'sentiment': 0.06, 'keyword_mentioned': 'meme', 'message_length': 36}
2025-10-04 03:15:26 | INFO | {'message': 'I just tried a movie! It was boring.', 'author': 'Alice', 'timestamp': '2025-10-04 03:15:26', 'category': 'entertainment', 'sentiment': 0.7, 'keyword_mentioned': 'movie', 'message_length': 36}
2025-10-04 03:15:31 | INFO | {'message': 'I just found JavaScript! It was funny.', 'author': 'Alice', 'timestamp': '2025-10-04 03:15:31', 'category': 'tech', 'sentiment': 0.2, 'keyword_mentioned': 'JavaScript', 'message_length': 38}
2025-10-04 03:15:36 | INFO | {'message': 'I just tried an app! It was weird.', 'author': 'Bob', 'timestamp': '2025-10-04 03:15:36', 'category': 'other', 'sentiment': 0.21, 'keyword_mentioned': 'other', 'message_length': 34}
2025-10-04 03:15:44 | INFO | {'message': 'I just tried JavaScript! It was exciting.', 'author': 'Bob', 'timestamp': '2025-10-04 03:15:44', 'category': 'tech', 'sentiment': 0.08, 'keyword_mentioned': 'JavaScript', 'message_length': 41}
2025-10-04 03:15:49 | INFO | {'message': 'I just shared a story! It was weird.', 'author': 'Alice', 'timestamp': '2025-10-04 03:15:49', 'category': 'other', 'sentiment': 0.57, 'keyword_mentioned': 'other', 'message_length': 36}
2025-10-04 03:15:54 | INFO | {'message': 'I just loved travel! It was exciting.', 'author': 'Eve', 'timestamp': '2025-10-04 03:15:54', 'category': 'travel', 'sentiment': 0.06, 'keyword_mentioned': 'travel', 'message_length': 37}
2025-10-04 03:15:59 | INFO | {'message': 'I just tried Python! It was amazing.', 'author': 'Charlie', 'timestamp': '2025-10-04 03:15:59', 'category': 'tech', 'sentiment': 0.16, 'keyword_mentioned': 'Python', 'message_length': 36}
2025-10-04 03:16:04 | INFO | {'message': 'I just found Python! It was funny.', 'author': 'Charlie', 'timestamp': '2025-10-04 03:16:04', 'category': 'tech', 'sentiment': 0.62, 'keyword_mentioned': 'Python', 'message_length': 34}
2025-10-04 03:16:09 | INFO | {'message': 'I just shared JavaScript! It was amazing.', 'author': 'Bob', 'timestamp': '2025-10-04 03:16:09', 'category': 'tech', 'sentiment': 0.15, 'keyword_mentioned': 'JavaScript', 'message_length': 41}
2025-10-04 03:16:17 | INFO | {'message': 'I just saw a movie! It was weird.', 'author': 'Bob', 'timestamp': '2025-10-04 03:16:17', 'category': 'entertainment', 'sentiment': 0.97, 'keyword_mentioned': 'movie', 'message_length': 33}
2025-10-04 03:16:22 | INFO | {'message': 'I just found recipe! It was amazing.', 'author': 'Bob', 'timestamp': '2025-10-04 03:16:22', 'category': 'food', 'sentiment': 0.18, 'keyword_mentioned': 'recipe', 'message_length': 36}
2025-10-04 03:16:27 | INFO | {'message': 'I just tried recipe! It was exciting.', 'author': 'Charlie', 'timestamp': '2025-10-04 03:16:27', 'category': 'food', 'sentiment': 0.22, 'keyword_mentioned': 'recipe', 'message_length': 37}
2025-10-04 03:16:32 | INFO | {'message': 'I just loved game! It was exciting.', 'author': 'Eve', 'timestamp': '2025-10-04 03:16:32', 'category': 'gaming', 'sentiment': 0.24, 'keyword_mentioned': 'game', 'message_length': 35}
2025-10-04 03:16:37 | INFO | {'message': 'I just loved an app! It was exciting.', 'author': 'Bob', 'timestamp': '2025-10-04 03:16:37', 'category': 'other', 'sentiment': 0.6, 'keyword_mentioned': 'other', 'message_length': 37}
2025-10-04 03:16:42 | INFO | {'message': 'I just saw a story! It was amazing.', 'author': 'Eve', 'timestamp': '2025-10-04 03:16:42', 'category': 'other', 'sentiment': 0.89, 'keyword_mentioned': 'other', 'message_length': 35}
2025-10-04 03:16:47 | INFO | {'message': 'I just shared game! It was exciting.', 'author': 'Alice', 'timestamp': '2025-10-04 03:16:47', 'category': 'gaming', 'sentiment': 0.15, 'keyword_mentioned': 'game', 'message_length': 36}
2025-10-04 03:16:55 | INFO | {'message': 'I just loved a meme! It was weird.', 'author': 'Alice', 'timestamp': '2025-10-04 03:16:55', 'category': 'humor', 'sentiment': 0.99, 'keyword_mentioned': 'meme', 'message_length': 34}
2025-10-04 03:17:00 | INFO | {'message': 'I just loved game! It was exciting.', 'author': 'Alice', 'timestamp': '2025-10-04 03:17:00', 'category': 'gaming', 'sentiment': 0.28, 'keyword_mentioned': 'game', 'message_length': 35}
2025-10-04 03:17:05 | INFO | {'message': 'I just found a story! It was weird.', 'author': 'Alice', 'timestamp': '2025-10-04 03:17:05', 'category': 'other', 'sentiment': 0.36, 'keyword_mentioned': 'other', 'message_length': 35}
2025-10-04 03:17:10 | INFO | {'message': 'I just found travel! It was exciting.', 'author': 'Bob', 'timestamp': '2025-10-04 03:17:10', 'category': 'travel', 'sentiment': 0.34, 'keyword_mentioned': 'travel', 'message_length': 37}
2025-10-04 03:17:15 | INFO | {'message': 'I just saw a meme! It was funny.', 'author': 'Charlie', 'timestamp': '2025-10-04 03:17:15', 'category': 'humor', 'sentiment': 0.96, 'keyword_mentioned': 'meme', 'message_length': 32}
2025-10-04 03:17:20 | INFO | {'message': 'I just tried travel! It was weird.', 'author': 'Charlie', 'timestamp': '2025-10-04 03:17:20', 'category': 'travel', 'sentiment': 0.57, 'keyword_mentioned': 'travel', 'message_length': 34}
2025-10-04 03:17:28 | INFO | {'message': 'I just found a meme! It was boring.', 'author': 'Alice', 'timestamp': '2025-10-04 03:17:28', 'category': 'humor', 'sentiment': 0.18, 'keyword_mentioned': 'meme', 'message_length': 35}
2025-10-04 03:17:33 | INFO | {'message': 'I just shared game! It was weird.', 'author': 'Eve', 'timestamp': '2025-10-04 03:17:33', 'category': 'gaming', 'sentiment': 0.03, 'keyword_mentioned': 'game', 'message_length': 33}
2025-10-04 03:17:38 | INFO | {'message': 'I just saw a story! It was amazing.', 'author': 'Charlie', 'timestamp': '2025-10-04 03:17:38', 'category': 'other', 'sentiment': 0.62, 'keyword_mentioned': 'other', 'message_length': 35}
2025-10-04 03:17:43 | INFO | {'message': 'I just tried an app! It was weird.', 'author': 'Eve', 'timestamp': '2025-10-04 03:17:43', 'category': 'other', 'sentiment': 0.47, 'keyword_mentioned': 'other', 'message_length': 34}
2025-10-04 03:17:48 | INFO | {'message': 'I just tried travel! It was boring.', 'author': 'Bob', 'timestamp': '2025-10-04 03:17:48', 'category': 'travel', 'sentiment': 0.45, 'keyword_mentioned': 'travel', 'message_length': 35}
2025-10-04 03:17:53 | INFO | {'message': 'I just loved a story! It was amazing.', 'author': 'Bob', 'timestamp': '2025-10-04 03:17:53', 'category': 'other', 'sentiment': 0.14, 'keyword_mentioned': 'other', 'message_length': 37}
2025-10-04 03:17:58 | INFO | {'message': 'I just found recipe! It was weird.', 'author': 'Eve', 'timestamp': '2025-10-04 03:17:58', 'category': 'food', 'sentiment': 0.48, 'keyword_mentioned': 'recipe', 'message_length': 34}
2025-10-04 03:18:06 | INFO | {'message': 'I just tried a story! It was amazing.', 'author': 'Charlie', 'timestamp': '2025-10-04 03:18:06', 'category': 'other', 'sentiment': 0.75, 'keyword_mentioned': 'other', 'message_length': 37}
2025-10-04 03:18:11 | INFO | {'message': 'I just tried game! It was exciting.', 'author': 'Alice', 'timestamp': '2025-10-04 03:18:11', 'category': 'gaming', 'sentiment': 0.35, 'keyword_mentioned': 'game', 'message_length': 35}
2025-10-04 03:18:16 | INFO | {'message': 'I just shared recipe! It was exciting.', 'author': 'Bob', 'timestamp': '2025-10-04 03:18:16', 'category': 'food', 'sentiment': 0.22, 'keyword_mentioned': 'recipe', 'message_length': 38}
2025-10-04 03:18:21 | INFO | {'message': 'I just saw a meme! It was amazing.', 'author': 'Charlie', 'timestamp': '2025-10-04 03:18:21', 'category': 'humor', 'sentiment': 0.8, 'keyword_mentioned': 'meme', 'message_length': 34}
2025-10-04 03:18:26 | INFO | {'message': 'I just found a movie! It was weird.', 'author': 'Eve', 'timestamp': '2025-10-04 03:18:26', 'category': 'entertainment', 'sentiment': 0.56, 'keyword_mentioned': 'movie', 'message_length': 35}
2025-10-04 03:18:31 | INFO | {'message': 'I just loved an app! It was amazing.', 'author': 'Bob', 'timestamp': '2025-10-04 03:18:31', 'category': 'other', 'sentiment': 0.48, 'keyword_mentioned': 'other', 'message_length': 36}
2025-10-04 03:18:39 | INFO | {'message': 'I just loved game! It was amazing.', 'author': 'Eve', 'timestamp': '2025-10-04 03:18:39', 'category': 'gaming', 'sentiment': 0.09, 'keyword_mentioned': 'game', 'message_length': 34}
2025-10-04 03:18:44 | INFO | {'message': 'I just tried a movie! It was weird.', 'author': 'Alice', 'timestamp': '2025-10-04 03:18:44', 'category': 'entertainment', 'sentiment': 0.71, 'keyword_mentioned': 'movie', 'message_length': 35}
2025-10-04 03:18:49 | INFO | {'message': 'I just loved a trick! It was weird.', 'author': 'Alice', 'timestamp': '2025-10-04 03:18:49', 'category': 'other', 'sentiment': 0.9, 'keyword_mentioned': 'other', 'message_length': 35}
2025-10-04 03:18:54 | INFO | {'message': 'I just saw an app! It was amazing.', 'author': 'Alice', 'timestamp': '2025-10-04 03:18:54', 'category': 'other', 'sentiment': 0.6, 'keyword_mentioned': 'other', 'message_length': 34}
2025-10-04 03:18:59 | INFO | {'message': 'I just tried travel! It was boring.', 'author': 'Charlie', 'timestamp': '2025-10-04 03:18:59', 'category': 'travel', 'sentiment': 0.69, 'keyword_mentioned': 'travel', 'message_length': 35}
2025-10-04 03:19:04 | INFO | {'message': 'I just saw an app! It was weird.', 'author': 'Alice', 'timestamp': '2025-10-04 03:19:04', 'category': 'other', 'sentiment': 0.93, 'keyword_mentioned': 'other', 'message_length': 32}
2025-10-04 03:19:12 | INFO | {'message': 'I just shared an app! It was boring.', 'author': 'Bob', 'timestamp': '2025-10-04 03:19:12', 'category': 'other', 'sentiment': 0.1, 'keyword_mentioned': 'other', 'message_length': 36}
2025-10-04 03:19:17 | INFO | {'message': 'I just shared game! It was weird.', 'author': 'Charlie', 'timestamp': '2025-10-04 03:19:17', 'category': 'gaming', 'sentiment': 0.7, 'keyword_mentioned': 'game', 'message_length': 33}
2025-10-04 03:19:22 | INFO | {'message': 'I just saw an app! It was funny.', 'author': 'Alice', 'timestamp': '2025-10-04 03:19:22', 'category': 'other', 'sentiment': 0.47, 'keyword_mentioned': 'other', 'message_length': 32}
2025-10-04 03:19:27 | INFO | {'message': 'I just tried a trick! It was boring.', 'author': 'Eve', 'timestamp': '2025-10-04 03:19:27', 'category': 'other', 'sentiment': 0.33, 'keyword_mentioned': 'other', 'message_length': 36}
2025-10-04 03:19:32 | INFO | {'message': 'I just shared game! It was funny.', 'author': 'Alice', 'timestamp': '2025-10-04 03:19:32', 'category': 'gaming', 'sentiment': 0.81, 'keyword_mentioned': 'game', 'message_length': 33}
2025-10-04 03:19:37 | INFO | {'message': 'I just saw a story! It was funny.', 'author': 'Eve', 'timestamp': '2025-10-04 03:19:37', 'category': 'other', 'sentiment': 0.44, 'keyword_mentioned': 'other', 'message_length': 33}
2025-10-04 03:19:42 | INFO | {'message': 'I just tried a story! It was weird.', 'author': 'Bob', 'timestamp': '2025-10-04 03:19:42', 'category': 'other', 'sentiment': 0.52, 'keyword_mentioned': 'other', 'message_length': 35}
2025-10-04 03:19:50 | INFO | {'message': 'I just shared JavaScript! It was boring.', 'author': 'Eve', 'timestamp': '2025-10-04 03:19:50', 'category': 'tech', 'sentiment': 0.42, 'keyword_mentioned': 'JavaScript', 'message_length': 40}
