2025-10-04 02:43:01 | INFO | {'message': 'I just saw Python! It was amazing.', 'author': 'Charlie', 'timestamp': '2025-10-04 02:43:01', 'category': 'tech', 'sentiment': 0.12, 'keyword_mentioned': 'Python', 'message_length': 34}
2025-10-04 02:43:08 | INFO | {'message': 'I just found a story! It was amazing.', 'author': 'Eve', 'timestamp': '2025-10-04 02:43:08', 'category': 'other', 'sentiment': 0.1, 'keyword_mentioned': 'other', 'message_length': 37}
2025-10-04 02:43:13 | INFO | {'message': 'I just found JavaScript! It was funny.', 'author': 'Bob', 'timestamp': '2025-10-04 02:43:13', 'category': 'tech', 'sentiment': 0.43, 'keyword_mentioned': 'JavaScript', 'message_length': 38}
2025-10-04 02:43:18 | INFO | {'message': 'I just loved a meme! It was funny.', 'author': 'Alice', 'timestamp': '2025-10-04 02:43:18', 'category': 'humor', 'sentiment': 0.76, 'keyword_mentioned': 'meme', 'message_length': 34}
2025-10-04 02:43:23 | INFO | {'message': 'I just shared game! It was funny.', 'author': 'Alice', 'timestamp': '2025-10-04 02:43:23', 'category': 'gaming', 'sentiment': 0.28, 'keyword_mentioned': 'game', 'message_length': 33}
2025-10-04 02:43:28 | INFO | {'message': 'I just tried an app! It was amazing.', 'author': 'Alice', 'timestamp': '2025-10-04 02:43:28', 'category': 'other', 'sentiment': 0.13, 'keyword_mentioned': 'other', 'message_length': 36}
2025-10-04 02:43:33 | INFO | {'message': 'I just saw a movie! It was funny.', 'author': 'Alice', 'timestamp': '2025-10-04 02:43:33', 'category': 'entertainment', 'sentiment': 0.69, 'keyword_mentioned': 'movie', 'message_length': 33}
2025-10-04 02:43:40 | INFO | {'message': 'I just shared JavaScript! It was weird.', 'author': 'Charlie', 'timestamp': '2025-10-04 02:43:40', 'category': 'tech', 'sentiment': 0.63, 'keyword_mentioned': 'JavaScript', 'message_length': 39}
2025-10-04 02:43:45 | INFO | {'message': 'I just loved a trick! It was exciting.', 'author': 'Charlie', 'timestamp': '2025-10-04 02:43:45', 'category': 'other', 'sentiment': 0.39, 'keyword_mentioned': 'other', 'message_length': 38}
2025-10-04 02:43:50 | INFO | {'message': 'I just tried recipe! It was weird.', 'author': 'Bob', 'timestamp': '2025-10-04 02:43:50', 'category': 'food', 'sentiment': 0.42, 'keyword_mentioned': 'recipe', 'message_length': 34}
2025-10-04 02:43:55 | INFO | {'message': 'I just tried game! It was exciting.', 'author': 'Alice', 'timestamp': '2025-10-04 02:43:55', 'category': 'gaming', 'sentiment': 0.98, 'keyword_mentioned': 'game', 'message_length': 35}
2025-10-04 02:44:00 | INFO | {'message': 'I just tried a story! It was boring.', 'author': 'Charlie', 'timestamp': '2025-10-04 02:44:00', 'category': 'other', 'sentiment': 0.03, 'keyword_mentioned': 'other', 'message_length': 36}
2025-10-04 02:44:05 | INFO | {'message': 'I just saw travel! It was weird.', 'author': 'Alice', 'timestamp': '2025-10-04 02:44:05', 'category': 'travel', 'sentiment': 0.87, 'keyword_mentioned': 'travel', 'message_length': 32}
2025-10-04 02:44:10 | INFO | {'message': 'I just tried travel! It was exciting.', 'author': 'Alice', 'timestamp': '2025-10-04 02:44:10', 'category': 'travel', 'sentiment': 0.99, 'keyword_mentioned': 'travel', 'message_length': 37}
2025-10-04 02:44:17 | INFO | {'message': 'I just loved JavaScript! It was weird.', 'author': 'Bob', 'timestamp': '2025-10-04 02:44:17', 'category': 'tech', 'sentiment': 0.37, 'keyword_mentioned': 'JavaScript', 'message_length': 38}
2025-10-04 02:44:22 | INFO | {'message': 'I just shared Python! It was amazing.', 'author': 'Charlie', 'timestamp': '2025-10-04 02:44:22', 'category': 'tech', 'sentiment': 0.27, 'keyword_mentioned': 'Python', 'message_length': 37}
2025-10-04 02:44:27 | INFO | {'message': 'I just loved JavaScript! It was exciting.', 'author': 'Bob', 'timestamp': '2025-10-04 02:44:27', 'category': 'tech', 'sentiment': 0.97, 'keyword_mentioned': 'JavaScript', 'message_length': 41}
2025-10-04 02:44:32 | INFO | {'message': 'I just shared a story! It was weird.', 'author': 'Bob', 'timestamp': '2025-10-04 02:44:32', 'category': 'other', 'sentiment': 0.46, 'keyword_mentioned': 'other', 'message_length': 36}
2025-10-04 02:44:37 | INFO | {'message': 'I just saw recipe! It was exciting.', 'author': 'Charlie', 'timestamp': '2025-10-04 02:44:37', 'category': 'food', 'sentiment': 0.21, 'keyword_mentioned': 'recipe', 'message_length': 35}
2025-10-04 02:44:42 | INFO | {'message': 'I just loved an app! It was amazing.', 'author': 'Bob', 'timestamp': '2025-10-04 02:44:42', 'category': 'other', 'sentiment': 0.72, 'keyword_mentioned': 'other', 'message_length': 36}
2025-10-04 02:44:49 | INFO | {'message': 'I just saw JavaScript! It was amazing.', 'author': 'Alice', 'timestamp': '2025-10-04 02:44:49', 'category': 'tech', 'sentiment': 0.07, 'keyword_mentioned': 'JavaScript', 'message_length': 38}
2025-10-04 02:44:54 | INFO | {'message': 'I just saw JavaScript! It was exciting.', 'author': 'Alice', 'timestamp': '2025-10-04 02:44:54', 'category': 'tech', 'sentiment': 0.3, 'keyword_mentioned': 'JavaScript', 'message_length': 39}
2025-10-04 02:44:59 | INFO | {'message': 'I just found travel! It was exciting.', 'author': 'Alice', 'timestamp': '2025-10-04 02:44:59', 'category': 'travel', 'sentiment': 0.05, 'keyword_mentioned': 'travel', 'message_length': 37}
2025-10-04 02:45:04 | INFO | {'message': 'I just loved an app! It was weird.', 'author': 'Eve', 'timestamp': '2025-10-04 02:45:04', 'category': 'other', 'sentiment': 0.81, 'keyword_mentioned': 'other', 'message_length': 34}
2025-10-04 02:45:09 | INFO | {'message': 'I just tried a story! It was exciting.', 'author': 'Bob', 'timestamp': '2025-10-04 02:45:09', 'category': 'other', 'sentiment': 0.74, 'keyword_mentioned': 'other', 'message_length': 38}
2025-10-04 02:45:14 | INFO | {'message': 'I just loved Python! It was weird.', 'author': 'Eve', 'timestamp': '2025-10-04 02:45:14', 'category': 'tech', 'sentiment': 0.28, 'keyword_mentioned': 'Python', 'message_length': 34}
2025-10-04 02:45:19 | INFO | {'message': 'I just tried a trick! It was weird.', 'author': 'Charlie', 'timestamp': '2025-10-04 02:45:19', 'category': 'other', 'sentiment': 0.2, 'keyword_mentioned': 'other', 'message_length': 35}
2025-10-04 02:45:26 | INFO | {'message': 'I just loved a story! It was weird.', 'author': 'Alice', 'timestamp': '2025-10-04 02:45:26', 'category': 'other', 'sentiment': 0.55, 'keyword_mentioned': 'other', 'message_length': 35}
2025-10-04 02:45:31 | INFO | {'message': 'I just loved a trick! It was weird.', 'author': 'Alice', 'timestamp': '2025-10-04 02:45:31', 'category': 'other', 'sentiment': 0.04, 'keyword_mentioned': 'other', 'message_length': 35}
2025-10-04 02:45:36 | INFO | {'message': 'I just loved Python! It was boring.', 'author': 'Eve', 'timestamp': '2025-10-04 02:45:36', 'category': 'tech', 'sentiment': 0.61, 'keyword_mentioned': 'Python', 'message_length': 35}
2025-10-04 02:45:41 | INFO | {'message': 'I just tried a story! It was boring.', 'author': 'Bob', 'timestamp': '2025-10-04 02:45:41', 'category': 'other', 'sentiment': 0.71, 'keyword_mentioned': 'other', 'message_length': 36}
2025-10-04 02:45:46 | INFO | {'message': 'I just shared game! It was funny.', 'author': 'Eve', 'timestamp': '2025-10-04 02:45:46', 'category': 'gaming', 'sentiment': 0.4, 'keyword_mentioned': 'game', 'message_length': 33}
2025-10-04 02:45:51 | INFO | {'message': 'I just found JavaScript! It was funny.', 'author': 'Eve', 'timestamp': '2025-10-04 02:45:51', 'category': 'tech', 'sentiment': 0.03, 'keyword_mentioned': 'JavaScript', 'message_length': 38}
2025-10-04 02:45:58 | INFO | {'message': 'I just saw a meme! It was exciting.', 'author': 'Eve', 'timestamp': '2025-10-04 02:45:58', 'category': 'humor', 'sentiment': 0.01, 'keyword_mentioned': 'meme', 'message_length': 35}
2025-10-04 02:46:03 | INFO | {'message': 'I just found a movie! It was weird.', 'author': 'Charlie', 'timestamp': '2025-10-04 02:46:03', 'category': 'entertainment', 'sentiment': 0.46, 'keyword_mentioned': 'movie', 'message_length': 35}
2025-10-04 02:46:08 | INFO | {'message': 'I just loved a trick! It was amazing.', 'author': 'Charlie', 'timestamp': '2025-10-04 02:46:08', 'category': 'other', 'sentiment': 0.65, 'keyword_mentioned': 'other', 'message_length': 37}
2025-10-04 02:46:13 | INFO | {'message': 'I just shared travel! It was weird.', 'author': 'Bob', 'timestamp': '2025-10-04 02:46:13', 'category': 'travel', 'sentiment': 0.66, 'keyword_mentioned': 'travel', 'message_length': 35}
2025-10-04 02:46:18 | INFO | {'message': 'I just shared an app! It was funny.', 'author': 'Alice', 'timestamp': '2025-10-04 02:46:18', 'category': 'other', 'sentiment': 0.14, 'keyword_mentioned': 'other', 'message_length': 35}
2025-10-04 02:46:23 | INFO | {'message': 'I just tried JavaScript! It was funny.', 'author': 'Alice', 'timestamp': '2025-10-04 02:46:23', 'category': 'tech', 'sentiment': 0.44, 'keyword_mentioned': 'JavaScript', 'message_length': 38}
2025-10-04 02:46:30 | INFO | {'message': 'I just saw an app! It was boring.', 'author': 'Bob', 'timestamp': '2025-10-04 02:46:30', 'category': 'other', 'sentiment': 0.1, 'keyword_mentioned': 'other', 'message_length': 33}
2025-10-04 02:46:35 | INFO | {'message': 'I just tried a trick! It was funny.', 'author': 'Charlie', 'timestamp': '2025-10-04 02:46:35', 'category': 'other', 'sentiment': 0.21, 'keyword_mentioned': 'other', 'message_length': 35}
2025-10-04 02:46:40 | INFO | {'message': 'I just tried JavaScript! It was boring.', 'author': 'Alice', 'timestamp': '2025-10-04 02:46:40', 'category': 'tech', 'sentiment': 0.03, 'keyword_mentioned': 'JavaScript', 'message_length': 39}
2025-10-04 02:46:45 | INFO | {'message': 'I just saw a meme! It was amazing.', 'author': 'Eve', 'timestamp': '2025-10-04 02:46:45', 'category': 'humor', 'sentiment': 0.94, 'keyword_mentioned': 'meme', 'message_length': 34}
2025-10-04 02:46:50 | INFO | {'message': 'I just found recipe! It was weird.', 'author': 'Eve', 'timestamp': '2025-10-04 02:46:50', 'category': 'food', 'sentiment': 0.09, 'keyword_mentioned': 'recipe', 'message_length': 34}
2025-10-04 02:46:55 | INFO | {'message': 'I just shared an app! It was amazing.', 'author': 'Alice', 'timestamp': '2025-10-04 02:46:55', 'category': 'other', 'sentiment': 0.62, 'keyword_mentioned': 'other', 'message_length': 37}
2025-10-04 02:47:00 | INFO | {'message': 'I just found a movie! It was amazing.', 'author': 'Bob', 'timestamp': '2025-10-04 02:47:00', 'category': 'entertainment', 'sentiment': 0.74, 'keyword_mentioned': 'movie', 'message_length': 37}
2025-10-04 02:47:07 | INFO | {'message': 'I just shared Python! It was funny.', 'author': 'Bob', 'timestamp': '2025-10-04 02:47:07', 'category': 'tech', 'sentiment': 0.52, 'keyword_mentioned': 'Python', 'message_length': 35}
2025-10-04 02:47:12 | INFO | {'message': 'I just tried a movie! It was boring.', 'author': 'Bob', 'timestamp': '2025-10-04 02:47:12', 'category': 'entertainment', 'sentiment': 0.81, 'keyword_mentioned': 'movie', 'message_length': 36}
2025-10-04 02:47:17 | INFO | {'message': 'I just tried an app! It was funny.', 'author': 'Charlie', 'timestamp': '2025-10-04 02:47:17', 'category': 'other', 'sentiment': 0.21, 'keyword_mentioned': 'other', 'message_length': 34}
2025-10-04 02:47:22 | INFO | {'message': 'I just saw a movie! It was weird.', 'author': 'Alice', 'timestamp': '2025-10-04 02:47:22', 'category': 'entertainment', 'sentiment': 0.15, 'keyword_mentioned': 'movie', 'message_length': 33}
2025-10-04 02:47:27 | INFO | {'message': 'I just loved a trick! It was boring.', 'author': 'Bob', 'timestamp': '2025-10-04 02:47:27', 'category': 'other', 'sentiment': 0.22, 'keyword_mentioned': 'other', 'message_length': 36}
2025-10-04 02:47:32 | INFO | {'message': 'I just loved JavaScript! It was weird.', 'author': 'Bob', 'timestamp': '2025-10-04 02:47:32', 'category': 'tech', 'sentiment': 0.98, 'keyword_mentioned': 'JavaScript', 'message_length': 38}
2025-10-04 02:47:40 | INFO | {'message': 'I just found a trick! It was exciting.', 'author': 'Eve', 'timestamp': '2025-10-04 02:47:40', 'category': 'other', 'sentiment': 0.73, 'keyword_mentioned': 'other', 'message_length': 38}
2025-10-04 02:47:45 | INFO | {'message': 'I just found a trick! It was boring.', 'author': 'Eve', 'timestamp': '2025-10-04 02:47:45', 'category': 'other', 'sentiment': 0.24, 'keyword_mentioned': 'other', 'message_length': 36}
2025-10-04 02:47:50 | INFO | {'message': 'I just saw a movie! It was boring.', 'author': 'Eve', 'timestamp': '2025-10-04 02:47:50', 'category': 'entertainment', 'sentiment': 0.17, 'keyword_mentioned': 'movie', 'message_length': 34}
2025-10-04 02:47:55 | INFO | {'message': 'I just shared Python! It was amazing.', 'author': 'Eve', 'timestamp': '2025-10-04 02:47:55', 'category': 'tech', 'sentiment': 0.04, 'keyword_mentioned': 'Python', 'message_length': 37}
2025-10-04 02:48:00 | INFO | {'message': 'I just tried JavaScript! It was amazing.', 'author': 'Bob', 'timestamp': '2025-10-04 02:48:00', 'category': 'tech', 'sentiment': 0.5, 'keyword_mentioned': 'JavaScript', 'message_length': 40}
2025-10-04 02:48:05 | INFO | {'message': 'I just saw travel! It was exciting.', 'author': 'Eve', 'timestamp': '2025-10-04 02:48:05', 'category': 'travel', 'sentiment': 0.41, 'keyword_mentioned': 'travel', 'message_length': 35}
2025-10-04 02:48:10 | INFO | {'message': 'I just saw recipe! It was weird.', 'author': 'Alice', 'timestamp': '2025-10-04 02:48:10', 'category': 'food', 'sentiment': 0.85, 'keyword_mentioned': 'recipe', 'message_length': 32}
2025-10-04 02:48:17 | INFO | {'message': 'I just found Python! It was weird.', 'author': 'Eve', 'timestamp': '2025-10-04 02:48:17', 'category': 'tech', 'sentiment': 0.6, 'keyword_mentioned': 'Python', 'message_length': 34}
2025-10-04 02:48:22 | INFO | {'message': 'I just found recipe! It was boring.', 'author': 'Charlie', 'timestamp': '2025-10-04 02:48:22', 'category': 'food', 'sentiment': 0.34, 'keyword_mentioned': 'recipe', 'message_length': 35}
2025-10-04 02:48:27 | INFO | {'message': 'I just shared game! It was amazing.', 'author': 'Charlie', 'timestamp': '2025-10-04 02:48:27', 'category': 'gaming', 'sentiment': 0.9, 'keyword_mentioned': 'game', 'message_length': 35}
2025-10-04 02:48:32 | INFO | {'message': 'I just loved an app! It was boring.', 'author': 'Alice', 'timestamp': '2025-10-04 02:48:32', 'category': 'other', 'sentiment': 0.79, 'keyword_mentioned': 'other', 'message_length': 35}
2025-10-04 02:48:37 | INFO | {'message': 'I just tried Python! It was amazing.', 'author': 'Bob', 'timestamp': '2025-10-04 02:48:37', 'category': 'tech', 'sentiment': 0.45, 'keyword_mentioned': 'Python', 'message_length': 36}
2025-10-04 02:48:42 | INFO | {'message': 'I just found a movie! It was funny.', 'author': 'Alice', 'timestamp': '2025-10-04 02:48:42', 'category': 'entertainment', 'sentiment': 0.04, 'keyword_mentioned': 'movie', 'message_length': 35}
2025-10-04 02:48:49 | INFO | {'message': 'I just saw a story! It was amazing.', 'author': 'Eve', 'timestamp': '2025-10-04 02:48:49', 'category': 'other', 'sentiment': 0.53, 'keyword_mentioned': 'other', 'message_length': 35}
2025-10-04 02:48:54 | INFO | {'message': 'I just saw an app! It was amazing.', 'author': 'Charlie', 'timestamp': '2025-10-04 02:48:54', 'category': 'other', 'sentiment': 0.54, 'keyword_mentioned': 'other', 'message_length': 34}
2025-10-04 02:48:59 | INFO | {'message': 'I just shared recipe! It was boring.', 'author': 'Alice', 'timestamp': '2025-10-04 02:48:59', 'category': 'food', 'sentiment': 0.71, 'keyword_mentioned': 'recipe', 'message_length': 36}
2025-10-04 02:49:04 | INFO | {'message': 'I just tried a meme! It was exciting.', 'author': 'Alice', 'timestamp': '2025-10-04 02:49:04', 'category': 'humor', 'sentiment': 0.12, 'keyword_mentioned': 'meme', 'message_length': 37}
2025-10-04 02:49:09 | INFO | {'message': 'I just found travel! It was amazing.', 'author': 'Eve', 'timestamp': '2025-10-04 02:49:09', 'category': 'travel', 'sentiment': 0.14, 'keyword_mentioned': 'travel', 'message_length': 36}
2025-10-04 02:49:14 | INFO | {'message': 'I just found an app! It was boring.', 'author': 'Alice', 'timestamp': '2025-10-04 02:49:14', 'category': 'other', 'sentiment': 0.21, 'keyword_mentioned': 'other', 'message_length': 35}
2025-10-04 02:49:19 | INFO | {'message': 'I just loved a trick! It was exciting.', 'author': 'Charlie', 'timestamp': '2025-10-04 02:49:19', 'category': 'other', 'sentiment': 0.0, 'keyword_mentioned': 'other', 'message_length': 38}
2025-10-04 02:49:26 | INFO | {'message': 'I just tried game! It was weird.', 'author': 'Alice', 'timestamp': '2025-10-04 02:49:26', 'category': 'gaming', 'sentiment': 0.98, 'keyword_mentioned': 'game', 'message_length': 32}
2025-10-04 02:49:31 | INFO | {'message': 'I just loved an app! It was funny.', 'author': 'Bob', 'timestamp': '2025-10-04 02:49:31', 'category': 'other', 'sentiment': 0.93, 'keyword_mentioned': 'other', 'message_length': 34}
2025-10-04 02:49:36 | INFO | {'message': 'I just loved game! It was amazing.', 'author': 'Alice', 'timestamp': '2025-10-04 02:49:36', 'category': 'gaming', 'sentiment': 0.1, 'keyword_mentioned': 'game', 'message_length': 34}
2025-10-04 02:49:41 | INFO | {'message': 'I just loved Python! It was boring.', 'author': 'Alice', 'timestamp': '2025-10-04 02:49:41', 'category': 'tech', 'sentiment': 0.04, 'keyword_mentioned': 'Python', 'message_length': 35}
2025-10-04 02:49:46 | INFO | {'message': 'I just tried travel! It was funny.', 'author': 'Alice', 'timestamp': '2025-10-04 02:49:46', 'category': 'travel', 'sentiment': 0.47, 'keyword_mentioned': 'travel', 'message_length': 34}
2025-10-04 02:49:51 | INFO | {'message': 'I just found game! It was weird.', 'author': 'Alice', 'timestamp': '2025-10-04 02:49:51', 'category': 'gaming', 'sentiment': 0.32, 'keyword_mentioned': 'game', 'message_length': 32}
2025-10-04 02:49:58 | INFO | {'message': 'I just saw a meme! It was weird.', 'author': 'Eve', 'timestamp': '2025-10-04 02:49:58', 'category': 'humor', 'sentiment': 0.93, 'keyword_mentioned': 'meme', 'message_length': 32}
2025-10-04 02:50:03 | INFO | {'message': 'I just found an app! It was exciting.', 'author': 'Bob', 'timestamp': '2025-10-04 02:50:03', 'category': 'other', 'sentiment': 0.95, 'keyword_mentioned': 'other', 'message_length': 37}
2025-10-04 02:50:08 | INFO | {'message': 'I just found game! It was weird.', 'author': 'Charlie', 'timestamp': '2025-10-04 02:50:08', 'category': 'gaming', 'sentiment': 0.35, 'keyword_mentioned': 'game', 'message_length': 32}
2025-10-04 02:50:13 | INFO | {'message': 'I just saw game! It was exciting.', 'author': 'Alice', 'timestamp': '2025-10-04 02:50:13', 'category': 'gaming', 'sentiment': 0.68, 'keyword_mentioned': 'game', 'message_length': 33}
2025-10-04 02:50:18 | INFO | {'message': 'I just tried travel! It was boring.', 'author': 'Charlie', 'timestamp': '2025-10-04 02:50:18', 'category': 'travel', 'sentiment': 0.44, 'keyword_mentioned': 'travel', 'message_length': 35}
2025-10-04 02:50:23 | INFO | {'message': 'I just shared a meme! It was funny.', 'author': 'Bob', 'timestamp': '2025-10-04 02:50:23', 'category': 'humor', 'sentiment': 0.93, 'keyword_mentioned': 'meme', 'message_length': 35}
2025-10-04 02:50:28 | INFO | {'message': 'I just tried a movie! It was weird.', 'author': 'Alice', 'timestamp': '2025-10-04 02:50:28', 'category': 'entertainment', 'sentiment': 0.58, 'keyword_mentioned': 'movie', 'message_length': 35}
2025-10-04 02:50:35 | INFO | {'message': 'I just loved a trick! It was funny.', 'author': 'Charlie', 'timestamp': '2025-10-04 02:50:35', 'category': 'other', 'sentiment': 0.89, 'keyword_mentioned': 'other', 'message_length': 35}
2025-10-04 02:50:40 | INFO | {'message': 'I just saw travel! It was exciting.', 'author': 'Charlie', 'timestamp': '2025-10-04 02:50:40', 'category': 'travel', 'sentiment': 0.73, 'keyword_mentioned': 'travel', 'message_length': 35}
2025-10-04 02:50:45 | INFO | {'message': 'I just found a meme! It was boring.', 'author': 'Charlie', 'timestamp': '2025-10-04 02:50:45', 'category': 'humor', 'sentiment': 0.11, 'keyword_mentioned': 'meme', 'message_length': 35}
2025-10-04 02:50:50 | INFO | {'message': 'I just shared Python! It was weird.', 'author': 'Bob', 'timestamp': '2025-10-04 02:50:50', 'category': 'tech', 'sentiment': 0.78, 'keyword_mentioned': 'Python', 'message_length': 35}
2025-10-04 02:50:55 | INFO | {'message': 'I just tried game! It was exciting.', 'author': 'Bob', 'timestamp': '2025-10-04 02:50:55', 'category': 'gaming', 'sentiment': 0.26, 'keyword_mentioned': 'game', 'message_length': 35}
2025-10-04 02:51:00 | INFO | {'message': 'I just shared recipe! It was boring.', 'author': 'Alice', 'timestamp': '2025-10-04 02:51:00', 'category': 'food', 'sentiment': 0.12, 'keyword_mentioned': 'recipe', 'message_length': 36}
2025-10-04 02:51:08 | INFO | {'message': 'I just shared a trick! It was boring.', 'author': 'Alice', 'timestamp': '2025-10-04 02:51:08', 'category': 'other', 'sentiment': 0.73, 'keyword_mentioned': 'other', 'message_length': 37}
2025-10-04 02:51:13 | INFO | {'message': 'I just tried a meme! It was boring.', 'author': 'Eve', 'timestamp': '2025-10-04 02:51:13', 'category': 'humor', 'sentiment': 0.61, 'keyword_mentioned': 'meme', 'message_length': 35}
2025-10-04 02:51:18 | INFO | {'message': 'I just found a story! It was boring.', 'author': 'Charlie', 'timestamp': '2025-10-04 02:51:18', 'category': 'other', 'sentiment': 0.56, 'keyword_mentioned': 'other', 'message_length': 36}
2025-10-04 02:51:23 | INFO | {'message': 'I just loved recipe! It was boring.', 'author': 'Charlie', 'timestamp': '2025-10-04 02:51:23', 'category': 'food', 'sentiment': 0.55, 'keyword_mentioned': 'recipe', 'message_length': 35}
2025-10-04 02:51:28 | INFO | {'message': 'I just found a meme! It was funny.', 'author': 'Bob', 'timestamp': '2025-10-04 02:51:28', 'category': 'humor', 'sentiment': 0.01, 'keyword_mentioned': 'meme', 'message_length': 34}
2025-10-04 02:51:33 | INFO | {'message': 'I just shared a movie! It was weird.', 'author': 'Bob', 'timestamp': '2025-10-04 02:51:33', 'category': 'entertainment', 'sentiment': 0.47, 'keyword_mentioned': 'movie', 'message_length': 36}
2025-10-04 02:51:41 | INFO | {'message': 'I just shared a story! It was exciting.', 'author': 'Eve', 'timestamp': '2025-10-04 02:51:41', 'category': 'other', 'sentiment': 0.08, 'keyword_mentioned': 'other', 'message_length': 39}
2025-10-04 02:51:46 | INFO | {'message': 'I just loved recipe! It was funny.', 'author': 'Bob', 'timestamp': '2025-10-04 02:51:46', 'category': 'food', 'sentiment': 0.61, 'keyword_mentioned': 'recipe', 'message_length': 34}
2025-10-04 02:51:51 | INFO | {'message': 'I just found a movie! It was amazing.', 'author': 'Charlie', 'timestamp': '2025-10-04 02:51:51', 'category': 'entertainment', 'sentiment': 0.02, 'keyword_mentioned': 'movie', 'message_length': 37}
2025-10-04 02:51:56 | INFO | {'message': 'I just tried an app! It was exciting.', 'author': 'Alice', 'timestamp': '2025-10-04 02:51:56', 'category': 'other', 'sentiment': 0.33, 'keyword_mentioned': 'other', 'message_length': 37}
2025-10-04 02:52:01 | INFO | {'message': 'I just found a movie! It was exciting.', 'author': 'Alice', 'timestamp': '2025-10-04 02:52:01', 'category': 'entertainment', 'sentiment': 0.7, 'keyword_mentioned': 'movie', 'message_length': 38}
2025-10-04 02:52:06 | INFO | {'message': 'I just saw an app! It was boring.', 'author': 'Alice', 'timestamp': '2025-10-04 02:52:06', 'category': 'other', 'sentiment': 0.46, 'keyword_mentioned': 'other', 'message_length': 33}
2025-10-04 02:52:11 | INFO | {'message': 'I just found travel! It was exciting.', 'author': 'Eve', 'timestamp': '2025-10-04 02:52:11', 'category': 'travel', 'sentiment': 0.37, 'keyword_mentioned': 'travel', 'message_length': 37}
2025-10-04 02:52:18 | INFO | {'message': 'I just shared Python! It was weird.', 'author': 'Alice', 'timestamp': '2025-10-04 02:52:18', 'category': 'tech', 'sentiment': 0.02, 'keyword_mentioned': 'Python', 'message_length': 35}
2025-10-04 02:52:23 | INFO | {'message': 'I just saw Python! It was boring.', 'author': 'Bob', 'timestamp': '2025-10-04 02:52:23', 'category': 'tech', 'sentiment': 0.69, 'keyword_mentioned': 'Python', 'message_length': 33}
2025-10-04 02:52:28 | INFO | {'message': 'I just saw Python! It was weird.', 'author': 'Eve', 'timestamp': '2025-10-04 02:52:28', 'category': 'tech', 'sentiment': 0.36, 'keyword_mentioned': 'Python', 'message_length': 32}
2025-10-04 02:52:33 | INFO | {'message': 'I just tried a trick! It was exciting.', 'author': 'Bob', 'timestamp': '2025-10-04 02:52:33', 'category': 'other', 'sentiment': 0.27, 'keyword_mentioned': 'other', 'message_length': 38}
2025-10-04 02:52:38 | INFO | {'message': 'I just loved game! It was exciting.', 'author': 'Charlie', 'timestamp': '2025-10-04 02:52:38', 'category': 'gaming', 'sentiment': 0.23, 'keyword_mentioned': 'game', 'message_length': 35}
2025-10-04 02:52:43 | INFO | {'message': 'I just saw Python! It was funny.', 'author': 'Charlie', 'timestamp': '2025-10-04 02:52:43', 'category': 'tech', 'sentiment': 0.02, 'keyword_mentioned': 'Python', 'message_length': 32}
2025-10-04 02:52:51 | INFO | {'message': 'I just saw a meme! It was exciting.', 'author': 'Charlie', 'timestamp': '2025-10-04 02:52:51', 'category': 'humor', 'sentiment': 0.71, 'keyword_mentioned': 'meme', 'message_length': 35}
2025-10-04 02:52:56 | INFO | {'message': 'I just loved Python! It was funny.', 'author': 'Eve', 'timestamp': '2025-10-04 02:52:56', 'category': 'tech', 'sentiment': 0.42, 'keyword_mentioned': 'Python', 'message_length': 34}
2025-10-04 02:53:01 | INFO | {'message': 'I just loved a trick! It was amazing.', 'author': 'Alice', 'timestamp': '2025-10-04 02:53:01', 'category': 'other', 'sentiment': 0.86, 'keyword_mentioned': 'other', 'message_length': 37}
2025-10-04 02:53:06 | INFO | {'message': 'I just tried a story! It was funny.', 'author': 'Bob', 'timestamp': '2025-10-04 02:53:06', 'category': 'other', 'sentiment': 0.06, 'keyword_mentioned': 'other', 'message_length': 35}
2025-10-04 02:53:11 | INFO | {'message': 'I just tried Python! It was exciting.', 'author': 'Alice', 'timestamp': '2025-10-04 02:53:11', 'category': 'tech', 'sentiment': 0.79, 'keyword_mentioned': 'Python', 'message_length': 37}
2025-10-04 02:53:16 | INFO | {'message': 'I just found travel! It was boring.', 'author': 'Alice', 'timestamp': '2025-10-04 02:53:16', 'category': 'travel', 'sentiment': 0.79, 'keyword_mentioned': 'travel', 'message_length': 35}
2025-10-04 02:53:21 | INFO | {'message': 'I just found JavaScript! It was weird.', 'author': 'Alice', 'timestamp': '2025-10-04 02:53:21', 'category': 'tech', 'sentiment': 0.78, 'keyword_mentioned': 'JavaScript', 'message_length': 38}
2025-10-04 02:53:29 | INFO | {'message': 'I just tried a story! It was exciting.', 'author': 'Charlie', 'timestamp': '2025-10-04 02:53:29', 'category': 'other', 'sentiment': 0.15, 'keyword_mentioned': 'other', 'message_length': 38}
2025-10-04 02:53:34 | INFO | {'message': 'I just saw game! It was funny.', 'author': 'Eve', 'timestamp': '2025-10-04 02:53:34', 'category': 'gaming', 'sentiment': 0.28, 'keyword_mentioned': 'game', 'message_length': 30}
2025-10-04 02:53:39 | INFO | {'message': 'I just tried recipe! It was boring.', 'author': 'Alice', 'timestamp': '2025-10-04 02:53:39', 'category': 'food', 'sentiment': 0.08, 'keyword_mentioned': 'recipe', 'message_length': 35}
2025-10-04 02:53:44 | INFO | {'message': 'I just tried JavaScript! It was exciting.', 'author': 'Alice', 'timestamp': '2025-10-04 02:53:44', 'category': 'tech', 'sentiment': 0.21, 'keyword_mentioned': 'JavaScript', 'message_length': 41}
2025-10-04 02:53:49 | INFO | {'message': 'I just found Python! It was amazing.', 'author': 'Alice', 'timestamp': '2025-10-04 02:53:49', 'category': 'tech', 'sentiment': 0.53, 'keyword_mentioned': 'Python', 'message_length': 36}
2025-10-04 02:53:54 | INFO | {'message': 'I just loved an app! It was funny.', 'author': 'Eve', 'timestamp': '2025-10-04 02:53:54', 'category': 'other', 'sentiment': 0.2, 'keyword_mentioned': 'other', 'message_length': 34}
2025-10-04 02:54:02 | INFO | {'message': 'I just shared a meme! It was amazing.', 'author': 'Alice', 'timestamp': '2025-10-04 02:54:02', 'category': 'humor', 'sentiment': 0.47, 'keyword_mentioned': 'meme', 'message_length': 37}
2025-10-04 02:54:07 | INFO | {'message': 'I just found an app! It was amazing.', 'author': 'Bob', 'timestamp': '2025-10-04 02:54:07', 'category': 'other', 'sentiment': 0.42, 'keyword_mentioned': 'other', 'message_length': 36}
2025-10-04 02:54:12 | INFO | {'message': 'I just tried a meme! It was amazing.', 'author': 'Alice', 'timestamp': '2025-10-04 02:54:12', 'category': 'humor', 'sentiment': 0.35, 'keyword_mentioned': 'meme', 'message_length': 36}
2025-10-04 02:54:17 | INFO | {'message': 'I just found a meme! It was exciting.', 'author': 'Charlie', 'timestamp': '2025-10-04 02:54:17', 'category': 'humor', 'sentiment': 0.63, 'keyword_mentioned': 'meme', 'message_length': 37}
2025-10-04 02:54:22 | INFO | {'message': 'I just found Python! It was weird.', 'author': 'Charlie', 'timestamp': '2025-10-04 02:54:22', 'category': 'tech', 'sentiment': 0.84, 'keyword_mentioned': 'Python', 'message_length': 34}
2025-10-04 02:54:27 | INFO | {'message': 'I just saw a meme! It was exciting.', 'author': 'Eve', 'timestamp': '2025-10-04 02:54:27', 'category': 'humor', 'sentiment': 0.64, 'keyword_mentioned': 'meme', 'message_length': 35}
2025-10-04 02:54:32 | INFO | {'message': 'I just saw a movie! It was exciting.', 'author': 'Eve', 'timestamp': '2025-10-04 02:54:32', 'category': 'entertainment', 'sentiment': 0.25, 'keyword_mentioned': 'movie', 'message_length': 36}
2025-10-04 02:54:40 | INFO | {'message': 'I just shared game! It was weird.', 'author': 'Bob', 'timestamp': '2025-10-04 02:54:40', 'category': 'gaming', 'sentiment': 0.7, 'keyword_mentioned': 'game', 'message_length': 33}
2025-10-04 02:54:45 | INFO | {'message': 'I just found a movie! It was boring.', 'author': 'Alice', 'timestamp': '2025-10-04 02:54:45', 'category': 'entertainment', 'sentiment': 0.94, 'keyword_mentioned': 'movie', 'message_length': 36}
2025-10-04 02:54:50 | INFO | {'message': 'I just loved recipe! It was amazing.', 'author': 'Alice', 'timestamp': '2025-10-04 02:54:50', 'category': 'food', 'sentiment': 0.36, 'keyword_mentioned': 'recipe', 'message_length': 36}
2025-10-04 02:54:55 | INFO | {'message': 'I just shared JavaScript! It was exciting.', 'author': 'Bob', 'timestamp': '2025-10-04 02:54:55', 'category': 'tech', 'sentiment': 0.42, 'keyword_mentioned': 'JavaScript', 'message_length': 42}
2025-10-04 02:55:00 | INFO | {'message': 'I just saw a trick! It was boring.', 'author': 'Alice', 'timestamp': '2025-10-04 02:55:00', 'category': 'other', 'sentiment': 0.32, 'keyword_mentioned': 'other', 'message_length': 34}
2025-10-04 02:55:05 | INFO | {'message': 'I just saw recipe! It was boring.', 'author': 'Charlie', 'timestamp': '2025-10-04 02:55:05', 'category': 'food', 'sentiment': 0.9, 'keyword_mentioned': 'recipe', 'message_length': 33}
2025-10-04 02:55:12 | INFO | {'message': 'I just saw game! It was boring.', 'author': 'Bob', 'timestamp': '2025-10-04 02:55:12', 'category': 'gaming', 'sentiment': 0.17, 'keyword_mentioned': 'game', 'message_length': 31}
2025-10-04 02:55:17 | INFO | {'message': 'I just loved travel! It was boring.', 'author': 'Eve', 'timestamp': '2025-10-04 02:55:17', 'category': 'travel', 'sentiment': 0.73, 'keyword_mentioned': 'travel', 'message_length': 35}
2025-10-04 02:55:22 | INFO | {'message': 'I just found travel! It was funny.', 'author': 'Alice', 'timestamp': '2025-10-04 02:55:22', 'category': 'travel', 'sentiment': 0.15, 'keyword_mentioned': 'travel', 'message_length': 34}
2025-10-04 02:55:27 | INFO | {'message': 'I just shared recipe! It was exciting.', 'author': 'Alice', 'timestamp': '2025-10-04 02:55:27', 'category': 'food', 'sentiment': 0.26, 'keyword_mentioned': 'recipe', 'message_length': 38}
2025-10-04 02:55:32 | INFO | {'message': 'I just shared travel! It was weird.', 'author': 'Alice', 'timestamp': '2025-10-04 02:55:32', 'category': 'travel', 'sentiment': 0.72, 'keyword_mentioned': 'travel', 'message_length': 35}
2025-10-04 02:55:37 | INFO | {'message': 'I just tried travel! It was weird.', 'author': 'Eve', 'timestamp': '2025-10-04 02:55:37', 'category': 'travel', 'sentiment': 0.35, 'keyword_mentioned': 'travel', 'message_length': 34}
2025-10-04 02:55:42 | INFO | {'message': 'I just saw a meme! It was funny.', 'author': 'Alice', 'timestamp': '2025-10-04 02:55:42', 'category': 'humor', 'sentiment': 0.03, 'keyword_mentioned': 'meme', 'message_length': 32}
2025-10-04 02:55:50 | INFO | {'message': 'I just found a meme! It was amazing.', 'author': 'Charlie', 'timestamp': '2025-10-04 02:55:50', 'category': 'humor', 'sentiment': 0.23, 'keyword_mentioned': 'meme', 'message_length': 36}
2025-10-04 02:55:55 | INFO | {'message': 'I just found a story! It was funny.', 'author': 'Charlie', 'timestamp': '2025-10-04 02:55:55', 'category': 'other', 'sentiment': 0.47, 'keyword_mentioned': 'other', 'message_length': 35}
2025-10-04 02:56:00 | INFO | {'message': 'I just loved JavaScript! It was funny.', 'author': 'Bob', 'timestamp': '2025-10-04 02:56:00', 'category': 'tech', 'sentiment': 0.7, 'keyword_mentioned': 'JavaScript', 'message_length': 38}
2025-10-04 02:56:05 | INFO | {'message': 'I just tried a movie! It was exciting.', 'author': 'Eve', 'timestamp': '2025-10-04 02:56:05', 'category': 'entertainment', 'sentiment': 0.45, 'keyword_mentioned': 'movie', 'message_length': 38}
2025-10-04 02:56:10 | INFO | {'message': 'I just saw a trick! It was weird.', 'author': 'Alice', 'timestamp': '2025-10-04 02:56:10', 'category': 'other', 'sentiment': 0.04, 'keyword_mentioned': 'other', 'message_length': 33}
2025-10-04 02:56:15 | INFO | {'message': 'I just tried a meme! It was amazing.', 'author': 'Eve', 'timestamp': '2025-10-04 02:56:15', 'category': 'humor', 'sentiment': 0.06, 'keyword_mentioned': 'meme', 'message_length': 36}
2025-10-04 02:56:23 | INFO | {'message': 'I just loved a movie! It was exciting.', 'author': 'Charlie', 'timestamp': '2025-10-04 02:56:23', 'category': 'entertainment', 'sentiment': 0.75, 'keyword_mentioned': 'movie', 'message_length': 38}
2025-10-04 02:56:28 | INFO | {'message': 'I just found Python! It was boring.', 'author': 'Eve', 'timestamp': '2025-10-04 02:56:28', 'category': 'tech', 'sentiment': 0.47, 'keyword_mentioned': 'Python', 'message_length': 35}
2025-10-04 02:56:34 | INFO | {'message': 'I just shared game! It was boring.', 'author': 'Alice', 'timestamp': '2025-10-04 02:56:34', 'category': 'gaming', 'sentiment': 0.05, 'keyword_mentioned': 'game', 'message_length': 34}
2025-10-04 02:56:39 | INFO | {'message': 'I just saw a story! It was funny.', 'author': 'Charlie', 'timestamp': '2025-10-04 02:56:39', 'category': 'other', 'sentiment': 0.62, 'keyword_mentioned': 'other', 'message_length': 33}
2025-10-04 02:56:44 | INFO | {'message': 'I just found travel! It was amazing.', 'author': 'Charlie', 'timestamp': '2025-10-04 02:56:44', 'category': 'travel', 'sentiment': 0.51, 'keyword_mentioned': 'travel', 'message_length': 36}
2025-10-04 02:56:49 | INFO | {'message': 'I just found travel! It was funny.', 'author': 'Eve', 'timestamp': '2025-10-04 02:56:49', 'category': 'travel', 'sentiment': 0.39, 'keyword_mentioned': 'travel', 'message_length': 34}
2025-10-04 02:56:57 | INFO | {'message': 'I just tried recipe! It was boring.', 'author': 'Alice', 'timestamp': '2025-10-04 02:56:57', 'category': 'food', 'sentiment': 0.83, 'keyword_mentioned': 'recipe', 'message_length': 35}
2025-10-04 02:57:02 | INFO | {'message': 'I just shared an app! It was funny.', 'author': 'Alice', 'timestamp': '2025-10-04 02:57:02', 'category': 'other', 'sentiment': 0.35, 'keyword_mentioned': 'other', 'message_length': 35}
2025-10-04 02:57:07 | INFO | {'message': 'I just loved recipe! It was boring.', 'author': 'Eve', 'timestamp': '2025-10-04 02:57:07', 'category': 'food', 'sentiment': 0.13, 'keyword_mentioned': 'recipe', 'message_length': 35}
2025-10-04 02:57:12 | INFO | {'message': 'I just found Python! It was exciting.', 'author': 'Eve', 'timestamp': '2025-10-04 02:57:12', 'category': 'tech', 'sentiment': 0.71, 'keyword_mentioned': 'Python', 'message_length': 37}
2025-10-04 02:57:17 | INFO | {'message': 'I just loved a movie! It was boring.', 'author': 'Eve', 'timestamp': '2025-10-04 02:57:17', 'category': 'entertainment', 'sentiment': 0.85, 'keyword_mentioned': 'movie', 'message_length': 36}
2025-10-04 02:57:22 | INFO | {'message': 'I just shared an app! It was exciting.', 'author': 'Alice', 'timestamp': '2025-10-04 02:57:22', 'category': 'other', 'sentiment': 0.34, 'keyword_mentioned': 'other', 'message_length': 38}
2025-10-04 02:57:27 | INFO | {'message': 'I just loved JavaScript! It was amazing.', 'author': 'Alice', 'timestamp': '2025-10-04 02:57:27', 'category': 'tech', 'sentiment': 0.43, 'keyword_mentioned': 'JavaScript', 'message_length': 40}
2025-10-04 02:57:35 | INFO | {'message': 'I just shared JavaScript! It was exciting.', 'author': 'Eve', 'timestamp': '2025-10-04 02:57:35', 'category': 'tech', 'sentiment': 0.11, 'keyword_mentioned': 'JavaScript', 'message_length': 42}
2025-10-04 02:57:40 | INFO | {'message': 'I just tried a movie! It was exciting.', 'author': 'Alice', 'timestamp': '2025-10-04 02:57:40', 'category': 'entertainment', 'sentiment': 0.99, 'keyword_mentioned': 'movie', 'message_length': 38}
2025-10-04 02:57:45 | INFO | {'message': 'I just tried a meme! It was boring.', 'author': 'Charlie', 'timestamp': '2025-10-04 02:57:45', 'category': 'humor', 'sentiment': 0.22, 'keyword_mentioned': 'meme', 'message_length': 35}
2025-10-04 02:57:50 | INFO | {'message': 'I just shared travel! It was boring.', 'author': 'Eve', 'timestamp': '2025-10-04 02:57:50', 'category': 'travel', 'sentiment': 0.75, 'keyword_mentioned': 'travel', 'message_length': 36}
2025-10-04 02:57:55 | INFO | {'message': 'I just found recipe! It was exciting.', 'author': 'Eve', 'timestamp': '2025-10-04 02:57:55', 'category': 'food', 'sentiment': 0.07, 'keyword_mentioned': 'recipe', 'message_length': 37}
2025-10-04 02:58:00 | INFO | {'message': 'I just found a trick! It was funny.', 'author': 'Bob', 'timestamp': '2025-10-04 02:58:00', 'category': 'other', 'sentiment': 0.14, 'keyword_mentioned': 'other', 'message_length': 35}
2025-10-04 02:58:08 | INFO | {'message': 'I just shared a movie! It was funny.', 'author': 'Alice', 'timestamp': '2025-10-04 02:58:08', 'category': 'entertainment', 'sentiment': 0.54, 'keyword_mentioned': 'movie', 'message_length': 36}
2025-10-04 02:58:13 | INFO | {'message': 'I just shared Python! It was funny.', 'author': 'Bob', 'timestamp': '2025-10-04 02:58:13', 'category': 'tech', 'sentiment': 0.59, 'keyword_mentioned': 'Python', 'message_length': 35}
2025-10-04 02:58:18 | INFO | {'message': 'I just shared Python! It was funny.', 'author': 'Eve', 'timestamp': '2025-10-04 02:58:18', 'category': 'tech', 'sentiment': 0.3, 'keyword_mentioned': 'Python', 'message_length': 35}
2025-10-04 02:58:23 | INFO | {'message': 'I just found a trick! It was weird.', 'author': 'Charlie', 'timestamp': '2025-10-04 02:58:23', 'category': 'other', 'sentiment': 0.25, 'keyword_mentioned': 'other', 'message_length': 35}
2025-10-04 02:58:28 | INFO | {'message': 'I just found a movie! It was exciting.', 'author': 'Eve', 'timestamp': '2025-10-04 02:58:28', 'category': 'entertainment', 'sentiment': 0.44, 'keyword_mentioned': 'movie', 'message_length': 38}
2025-10-04 02:58:33 | INFO | {'message': 'I just saw a movie! It was amazing.', 'author': 'Alice', 'timestamp': '2025-10-04 02:58:33', 'category': 'entertainment', 'sentiment': 0.78, 'keyword_mentioned': 'movie', 'message_length': 35}
2025-10-04 02:58:38 | INFO | {'message': 'I just saw travel! It was amazing.', 'author': 'Alice', 'timestamp': '2025-10-04 02:58:38', 'category': 'travel', 'sentiment': 0.45, 'keyword_mentioned': 'travel', 'message_length': 34}
2025-10-04 02:58:45 | INFO | {'message': 'I just found a story! It was amazing.', 'author': 'Alice', 'timestamp': '2025-10-04 02:58:45', 'category': 'other', 'sentiment': 0.06, 'keyword_mentioned': 'other', 'message_length': 37}
2025-10-04 02:58:50 | INFO | {'message': 'I just found Python! It was exciting.', 'author': 'Alice', 'timestamp': '2025-10-04 02:58:50', 'category': 'tech', 'sentiment': 0.72, 'keyword_mentioned': 'Python', 'message_length': 37}
2025-10-04 02:58:55 | INFO | {'message': 'I just saw Python! It was exciting.', 'author': 'Alice', 'timestamp': '2025-10-04 02:58:55', 'category': 'tech', 'sentiment': 0.15, 'keyword_mentioned': 'Python', 'message_length': 35}
2025-10-04 02:59:00 | INFO | {'message': 'I just saw an app! It was funny.', 'author': 'Eve', 'timestamp': '2025-10-04 02:59:00', 'category': 'other', 'sentiment': 0.73, 'keyword_mentioned': 'other', 'message_length': 32}
2025-10-04 02:59:05 | INFO | {'message': 'I just saw a meme! It was amazing.', 'author': 'Alice', 'timestamp': '2025-10-04 02:59:05', 'category': 'humor', 'sentiment': 0.34, 'keyword_mentioned': 'meme', 'message_length': 34}
2025-10-04 02:59:10 | INFO | {'message': 'I just saw travel! It was boring.', 'author': 'Charlie', 'timestamp': '2025-10-04 02:59:10', 'category': 'travel', 'sentiment': 0.37, 'keyword_mentioned': 'travel', 'message_length': 33}
2025-10-04 02:59:18 | INFO | {'message': 'I just loved an app! It was weird.', 'author': 'Charlie', 'timestamp': '2025-10-04 02:59:18', 'category': 'other', 'sentiment': 0.76, 'keyword_mentioned': 'other', 'message_length': 34}
2025-10-04 02:59:23 | INFO | {'message': 'I just tried Python! It was amazing.', 'author': 'Alice', 'timestamp': '2025-10-04 02:59:23', 'category': 'tech', 'sentiment': 0.55, 'keyword_mentioned': 'Python', 'message_length': 36}
2025-10-04 02:59:28 | INFO | {'message': 'I just saw a story! It was amazing.', 'author': 'Bob', 'timestamp': '2025-10-04 02:59:28', 'category': 'other', 'sentiment': 0.04, 'keyword_mentioned': 'other', 'message_length': 35}
2025-10-04 02:59:33 | INFO | {'message': 'I just tried a trick! It was weird.', 'author': 'Bob', 'timestamp': '2025-10-04 02:59:33', 'category': 'other', 'sentiment': 0.35, 'keyword_mentioned': 'other', 'message_length': 35}
2025-10-04 02:59:38 | INFO | {'message': 'I just found travel! It was weird.', 'author': 'Bob', 'timestamp': '2025-10-04 02:59:38', 'category': 'travel', 'sentiment': 0.7, 'keyword_mentioned': 'travel', 'message_length': 34}
2025-10-04 02:59:43 | INFO | {'message': 'I just loved an app! It was amazing.', 'author': 'Eve', 'timestamp': '2025-10-04 02:59:43', 'category': 'other', 'sentiment': 0.94, 'keyword_mentioned': 'other', 'message_length': 36}
2025-10-04 02:59:48 | INFO | {'message': 'I just tried a meme! It was boring.', 'author': 'Eve', 'timestamp': '2025-10-04 02:59:48', 'category': 'humor', 'sentiment': 0.74, 'keyword_mentioned': 'meme', 'message_length': 35}
2025-10-04 02:59:55 | INFO | {'message': 'I just shared a trick! It was exciting.', 'author': 'Alice', 'timestamp': '2025-10-04 02:59:55', 'category': 'other', 'sentiment': 0.48, 'keyword_mentioned': 'other', 'message_length': 39}
2025-10-04 03:00:00 | INFO | {'message': 'I just found recipe! It was exciting.', 'author': 'Charlie', 'timestamp': '2025-10-04 03:00:00', 'category': 'food', 'sentiment': 0.37, 'keyword_mentioned': 'recipe', 'message_length': 37}
2025-10-04 03:00:05 | INFO | {'message': 'I just tried a trick! It was funny.', 'author': 'Eve', 'timestamp': '2025-10-04 03:00:05', 'category': 'other', 'sentiment': 0.82, 'keyword_mentioned': 'other', 'message_length': 35}
2025-10-04 03:00:10 | INFO | {'message': 'I just loved a story! It was weird.', 'author': 'Bob', 'timestamp': '2025-10-04 03:00:10', 'category': 'other', 'sentiment': 0.85, 'keyword_mentioned': 'other', 'message_length': 35}
2025-10-04 03:00:15 | INFO | {'message': 'I just saw recipe! It was exciting.', 'author': 'Alice', 'timestamp': '2025-10-04 03:00:15', 'category': 'food', 'sentiment': 0.61, 'keyword_mentioned': 'recipe', 'message_length': 35}
2025-10-04 03:00:20 | INFO | {'message': 'I just saw travel! It was exciting.', 'author': 'Eve', 'timestamp': '2025-10-04 03:00:20', 'category': 'travel', 'sentiment': 0.13, 'keyword_mentioned': 'travel', 'message_length': 35}
2025-10-04 03:00:28 | INFO | {'message': 'I just loved a meme! It was funny.', 'author': 'Alice', 'timestamp': '2025-10-04 03:00:28', 'category': 'humor', 'sentiment': 0.82, 'keyword_mentioned': 'meme', 'message_length': 34}
2025-10-04 03:00:33 | INFO | {'message': 'I just saw game! It was boring.', 'author': 'Bob', 'timestamp': '2025-10-04 03:00:33', 'category': 'gaming', 'sentiment': 0.36, 'keyword_mentioned': 'game', 'message_length': 31}
2025-10-04 03:00:38 | INFO | {'message': 'I just saw an app! It was boring.', 'author': 'Alice', 'timestamp': '2025-10-04 03:00:38', 'category': 'other', 'sentiment': 0.29, 'keyword_mentioned': 'other', 'message_length': 33}
2025-10-04 03:00:43 | INFO | {'message': 'I just loved Python! It was boring.', 'author': 'Eve', 'timestamp': '2025-10-04 03:00:43', 'category': 'tech', 'sentiment': 0.46, 'keyword_mentioned': 'Python', 'message_length': 35}
2025-10-04 03:00:48 | INFO | {'message': 'I just tried a movie! It was weird.', 'author': 'Charlie', 'timestamp': '2025-10-04 03:00:48', 'category': 'entertainment', 'sentiment': 0.28, 'keyword_mentioned': 'movie', 'message_length': 35}
2025-10-04 03:00:53 | INFO | {'message': 'I just loved an app! It was weird.', 'author': 'Bob', 'timestamp': '2025-10-04 03:00:53', 'category': 'other', 'sentiment': 0.8, 'keyword_mentioned': 'other', 'message_length': 34}
2025-10-04 03:00:58 | INFO | {'message': 'I just loved a meme! It was boring.', 'author': 'Eve', 'timestamp': '2025-10-04 03:00:58', 'category': 'humor', 'sentiment': 0.41, 'keyword_mentioned': 'meme', 'message_length': 35}
2025-10-04 03:01:05 | INFO | {'message': 'I just tried a movie! It was exciting.', 'author': 'Bob', 'timestamp': '2025-10-04 03:01:05', 'category': 'entertainment', 'sentiment': 0.91, 'keyword_mentioned': 'movie', 'message_length': 38}
2025-10-04 03:01:10 | INFO | {'message': 'I just found game! It was amazing.', 'author': 'Charlie', 'timestamp': '2025-10-04 03:01:10', 'category': 'gaming', 'sentiment': 0.61, 'keyword_mentioned': 'game', 'message_length': 34}
2025-10-04 03:01:15 | INFO | {'message': 'I just saw an app! It was weird.', 'author': 'Eve', 'timestamp': '2025-10-04 03:01:15', 'category': 'other', 'sentiment': 0.85, 'keyword_mentioned': 'other', 'message_length': 32}
2025-10-04 03:01:20 | INFO | {'message': 'I just tried a movie! It was amazing.', 'author': 'Charlie', 'timestamp': '2025-10-04 03:01:20', 'category': 'entertainment', 'sentiment': 0.22, 'keyword_mentioned': 'movie', 'message_length': 37}
2025-10-04 03:01:25 | INFO | {'message': 'I just saw a trick! It was funny.', 'author': 'Eve', 'timestamp': '2025-10-04 03:01:25', 'category': 'other', 'sentiment': 0.8, 'keyword_mentioned': 'other', 'message_length': 33}
2025-10-04 03:01:30 | INFO | {'message': 'I just found JavaScript! It was weird.', 'author': 'Eve', 'timestamp': '2025-10-04 03:01:30', 'category': 'tech', 'sentiment': 0.5, 'keyword_mentioned': 'JavaScript', 'message_length': 38}
2025-10-04 03:01:38 | INFO | {'message': 'I just saw recipe! It was exciting.', 'author': 'Eve', 'timestamp': '2025-10-04 03:01:38', 'category': 'food', 'sentiment': 0.54, 'keyword_mentioned': 'recipe', 'message_length': 35}
2025-10-04 03:01:43 | INFO | {'message': 'I just saw a trick! It was funny.', 'author': 'Charlie', 'timestamp': '2025-10-04 03:01:43', 'category': 'other', 'sentiment': 0.61, 'keyword_mentioned': 'other', 'message_length': 33}
2025-10-04 03:01:48 | INFO | {'message': 'I just saw Python! It was weird.', 'author': 'Eve', 'timestamp': '2025-10-04 03:01:48', 'category': 'tech', 'sentiment': 0.7, 'keyword_mentioned': 'Python', 'message_length': 32}
2025-10-04 03:01:53 | INFO | {'message': 'I just tried a trick! It was amazing.', 'author': 'Eve', 'timestamp': '2025-10-04 03:01:53', 'category': 'other', 'sentiment': 0.72, 'keyword_mentioned': 'other', 'message_length': 37}
2025-10-04 03:01:58 | INFO | {'message': 'I just shared Python! It was boring.', 'author': 'Alice', 'timestamp': '2025-10-04 03:01:58', 'category': 'tech', 'sentiment': 0.22, 'keyword_mentioned': 'Python', 'message_length': 36}
2025-10-04 03:02:03 | INFO | {'message': 'I just loved a meme! It was funny.', 'author': 'Eve', 'timestamp': '2025-10-04 03:02:03', 'category': 'humor', 'sentiment': 0.67, 'keyword_mentioned': 'meme', 'message_length': 34}
2025-10-04 03:02:11 | INFO | {'message': 'I just found Python! It was weird.', 'author': 'Alice', 'timestamp': '2025-10-04 03:02:11', 'category': 'tech', 'sentiment': 0.61, 'keyword_mentioned': 'Python', 'message_length': 34}
2025-10-04 03:02:16 | INFO | {'message': 'I just tried game! It was amazing.', 'author': 'Eve', 'timestamp': '2025-10-04 03:02:16', 'category': 'gaming', 'sentiment': 0.41, 'keyword_mentioned': 'game', 'message_length': 34}
2025-10-04 03:02:21 | INFO | {'message': 'I just tried an app! It was amazing.', 'author': 'Alice', 'timestamp': '2025-10-04 03:02:21', 'category': 'other', 'sentiment': 0.6, 'keyword_mentioned': 'other', 'message_length': 36}
2025-10-04 03:02:26 | INFO | {'message': 'I just found JavaScript! It was exciting.', 'author': 'Charlie', 'timestamp': '2025-10-04 03:02:26', 'category': 'tech', 'sentiment': 0.41, 'keyword_mentioned': 'JavaScript', 'message_length': 41}
2025-10-04 03:02:31 | INFO | {'message': 'I just tried a meme! It was weird.', 'author': 'Eve', 'timestamp': '2025-10-04 03:02:31', 'category': 'humor', 'sentiment': 0.76, 'keyword_mentioned': 'meme', 'message_length': 34}
2025-10-04 03:02:36 | INFO | {'message': 'I just shared a trick! It was weird.', 'author': 'Alice', 'timestamp': '2025-10-04 03:02:36', 'category': 'other', 'sentiment': 0.2, 'keyword_mentioned': 'other', 'message_length': 36}
